<?xml version="1.0" encoding="utf-8"?>
<TestRun id="1c7d6928-055e-43de-9076-226ab231b97c" name="@adb-03 2026-08-01 22:30:35" xmlns="http://microsoft.com/schemas/VisualStudio/TeamTest/2010">
  <Times creation="2026-08-01T22:30:35.2026990+03:00" queuing="2026-08-01T22:30:35.2026990+03:00" start="2026-08-01T22:30:34.8006800+03:00" finish="2026-08-01T22:30:37.8797490+03:00" />
  <TestSettings name="default" id="db3ede85-23a1-4543-a036-be8fcd8e432b">
    <Deployment runDeploymentRoot="_adb-03_2026-08-01_22_30_35" />
  </TestSettings>
  <Results>
    <UnitTestResult executionId="f8e4d6e0-f4c6-4b05-b05a-df634637ff19" testId="4d4254d2-4dbc-b1bd-c4b7-46f6b4368dbe" testName="MCPify.Tests.Integration.OAuthMiddlewareTests.Request_Challenge_IncludesScope_WhenConfigured" computerName="adb-03" duration="00:00:00.4285175" startTime="2026-08-01T22:30:35.1685190+03:00" endTime="2026-08-01T22:30:35.5860550+03:00" testType="13cdc9d9-ddb5-4fa4-a97d-d965ccfc6d4b" outcome="Passed" testListId="8c84fa94-04c1-424b-9868-57a2d4851a1d" relativeResultsDirectory="f8e4d6e0-f4c6-4b05-b05a-df634637ff19" />
    <UnitTestResult executionId="1d244155-a957-4865-ba73-367062108333" testId="b611f9fa-d4c5-1650-1d08-04ccce1e0622" testName="MCPify.Tests.TokenIsolationTests.AllowDefaultSessionFallback_UsesProviderName" computerName="adb-03" duration="00:00:00.0010478" startTime="2026-08-01T22:30:35.3779510+03:00" endTime="2026-08-01T22:30:35.3790280+03:00" testType="13cdc9d9-ddb5-4fa4-a97d-d965ccfc6d4b" outcome="Passed" testListId="8c84fa94-04c1-424b-9868-57a2d4851a1d" relativeResultsDirectory="1d244155-a957-4865-ba73-367062108333" />
    <UnitTestResult executionId="28c70c35-a805-4434-be18-f02e66bdc5f1" testId="54134d06-900f-848f-29c3-eacef6b77cb3" testName="MCPify.Tests.Unit.WwwAuthenticateScopeTests.AppendScopeIfBearer_BehavesAsExpected(header: &quot;Bearer scope=\&quot;existing\&quot;&quot;, scopes: &quot;api&quot;, expected: &quot;Bearer scope=\&quot;existing\&quot;&quot;)" computerName="adb-03" duration="00:00:00.0000010" startTime="2026-08-01T22:30:35.5932410+03:00" endTime="2026-08-01T22:30:35.5932770+03:00" testType="13cdc9d9-ddb5-4fa4-a97d-d965ccfc6d4b" outcome="Passed" testListId="8c84fa94-04c1-424b-9868-57a2d4851a1d" relativeResultsDirectory="28c70c35-a805-4434-be18-f02e66bdc5f1" />
    <UnitTestResult executionId="fbeac0ce-ba7b-4e05-a063-7aa9167d5ca4" testId="57e02b58-e1df-0095-6ac7-7f2ea844c2ba" testName="MCPify.Tests.DeviceCodeAuthenticationTests.ApplyAsync_PerformDeviceFlow_WhenNoToken" computerName="adb-03" duration="00:00:01.4234638" startTime="2026-08-01T22:30:35.1703110+03:00" endTime="2026-08-01T22:30:36.6034680+03:00" testType="13cdc9d9-ddb5-4fa4-a97d-d965ccfc6d4b" outcome="Passed" testListId="8c84fa94-04c1-424b-9868-57a2d4851a1d" relativeResultsDirectory="fbeac0ce-ba7b-4e05-a063-7aa9167d5ca4" />
    <UnitTestResult executionId="9c0f7bd3-b992-48ba-80f8-5856f12ff402" testId="f8c52feb-833b-2515-9a14-23002644f72b" testName="MCPify.Tests.TokenExchangeAuthenticationTests.ExchangeTokenAsync_SendsCorrectGrantType" computerName="adb-03" duration="00:00:00.0002747" startTime="2026-08-01T22:30:35.7461290+03:00" endTime="2026-08-01T22:30:35.7461520+03:00" testType="13cdc9d9-ddb5-4fa4-a97d-d965ccfc6d4b" outcome="Passed" testListId="8c84fa94-04c1-424b-9868-57a2d4851a1d" relativeResultsDirectory="9c0f7bd3-b992-48ba-80f8-5856f12ff402" />
    <UnitTestResult executionId="78b0da54-217c-40f8-be12-4e848c0961f8" testId="7301d42d-70a4-fe53-e892-98988b20acf6" testName="MCPify.Tests.Unit.WwwAuthenticateScopeTests.AppendScopeIfBearer_BehavesAsExpected(header: &quot;Bearer resource_metadata=\&quot;https://x/.well-known/o&quot;···, scopes: &quot;read write&quot;, expected: &quot;Bearer resource_metadata=\&quot;https://x/.well-known/o&quot;···)" computerName="adb-03" duration="00:00:00.0001577" startTime="2026-08-01T22:30:35.5921540+03:00" endTime="2026-08-01T22:30:35.5922140+03:00" testType="13cdc9d9-ddb5-4fa4-a97d-d965ccfc6d4b" outcome="Passed" testListId="8c84fa94-04c1-424b-9868-57a2d4851a1d" relativeResultsDirectory="78b0da54-217c-40f8-be12-4e848c0961f8" />
    <UnitTestResult executionId="e4181905-0198-4aad-a212-07a03ad9bb4a" testId="d0d99172-17e6-4fc4-87da-36fc10011156" testName="MCPify.Tests.Unit.SessionAwareToolDecoratorTests.InvokeAsync_FailsClosed_WhenScopeRequirementsButNoAuthorizationService" computerName="adb-03" duration="00:00:00.0021794" startTime="2026-08-01T22:30:35.4234740+03:00" endTime="2026-08-01T22:30:35.4255070+03:00" testType="13cdc9d9-ddb5-4fa4-a97d-d965ccfc6d4b" outcome="Passed" testListId="8c84fa94-04c1-424b-9868-57a2d4851a1d" relativeResultsDirectory="e4181905-0198-4aad-a212-07a03ad9bb4a" />
    <UnitTestResult executionId="a08521bf-763f-464d-8a93-fc0ecf48cd43" testId="4187e638-146c-56ab-14b8-2d5386f02764" testName="MCPify.Tests.OAuthAuthenticationTests.ApplyAsync_RefreshesExpiredToken" computerName="adb-03" duration="00:00:00.1304455" startTime="2026-08-01T22:30:36.8277380+03:00" endTime="2026-08-01T22:30:36.9594260+03:00" testType="13cdc9d9-ddb5-4fa4-a97d-d965ccfc6d4b" outcome="Passed" testListId="8c84fa94-04c1-424b-9868-57a2d4851a1d" relativeResultsDirectory="a08521bf-763f-464d-8a93-fc0ecf48cd43" />
    <UnitTestResult executionId="f097fb74-f3fe-4f0b-b701-2500291f84a9" testId="d5418775-f61c-edd9-f284-6f8e65a59a97" testName="MCPify.Tests.TokenIsolationTests.ExplicitProviderName_OverridesAutoNamespace" computerName="adb-03" duration="00:00:00.0000850" startTime="2026-08-01T22:30:35.3763390+03:00" endTime="2026-08-01T22:30:35.3763620+03:00" testType="13cdc9d9-ddb5-4fa4-a97d-d965ccfc6d4b" outcome="Passed" testListId="8c84fa94-04c1-424b-9868-57a2d4851a1d" relativeResultsDirectory="f097fb74-f3fe-4f0b-b701-2500291f84a9" />
    <UnitTestResult executionId="17321e7b-8736-4d3a-89f6-6439c037d10a" testId="8339f99d-2572-0106-ae76-9d9016a45018" testName="MCPify.Tests.Unit.SessionAwareToolDecoratorTests.InvokeAsync_AllowsTool_WhenNoScopeRequirements" computerName="adb-03" duration="00:00:00.0012077" startTime="2026-08-01T22:30:35.4256590+03:00" endTime="2026-08-01T22:30:35.4267660+03:00" testType="13cdc9d9-ddb5-4fa4-a97d-d965ccfc6d4b" outcome="Passed" testListId="8c84fa94-04c1-424b-9868-57a2d4851a1d" relativeResultsDirectory="17321e7b-8736-4d3a-89f6-6439c037d10a" />
    <UnitTestResult executionId="9960afbc-724e-4a95-8cfd-6b0b97843cc4" testId="5566f2c2-dbf5-ca28-402d-26c183137ddd" testName="MCPify.Tests.Unit.OAuthAuthorizationCodeAuthenticatorTests.CreateAsync_UsesExplicitEndpoints" computerName="adb-03" duration="00:00:00.0182698" startTime="2026-08-01T22:30:35.1702270+03:00" endTime="2026-08-01T22:30:35.1852580+03:00" testType="13cdc9d9-ddb5-4fa4-a97d-d965ccfc6d4b" outcome="Passed" testListId="8c84fa94-04c1-424b-9868-57a2d4851a1d" relativeResultsDirectory="9960afbc-724e-4a95-8cfd-6b0b97843cc4" />
    <UnitTestResult executionId="35570bf3-48f0-41e2-873c-34fc5a4eadb9" testId="89157995-9a3d-d353-3d6f-02bc04fbecd0" testName="MCPify.Tests.OpenApiProxyToolTests.InvokeAsync_AppliesAuthentication" computerName="adb-03" duration="00:00:00.3569455" startTime="2026-08-01T22:30:35.8504910+03:00" endTime="2026-08-01T22:30:36.2087770+03:00" testType="13cdc9d9-ddb5-4fa4-a97d-d965ccfc6d4b" outcome="Passed" testListId="8c84fa94-04c1-424b-9868-57a2d4851a1d" relativeResultsDirectory="35570bf3-48f0-41e2-873c-34fc5a4eadb9" />
    <UnitTestResult executionId="090d8470-3dc5-4e6c-a9df-5253c9b264f9" testId="4c34412f-34a6-9640-9c54-07f1e8157f2c" testName="MCPify.Tests.OpenApiProviderTests.LoadAsync_BlocksNonHttpSchemes" computerName="adb-03" duration="00:00:00.0042589" startTime="2026-08-01T22:30:35.1702030+03:00" endTime="2026-08-01T22:30:35.1712830+03:00" testType="13cdc9d9-ddb5-4fa4-a97d-d965ccfc6d4b" outcome="Passed" testListId="8c84fa94-04c1-424b-9868-57a2d4851a1d" relativeResultsDirectory="090d8470-3dc5-4e6c-a9df-5253c9b264f9" />
    <UnitTestResult executionId="80bbf8ec-5f90-41b7-88bf-1a2b7d04e307" testId="d1cf610e-9cd2-9920-989c-265e6d07af42" testName="MCPify.Tests.Unit.WwwAuthenticateScopeTests.AppendScopeIfBearer_BehavesAsExpected(header: &quot;Bearer realm=\&quot;mcp\&quot;&quot;, scopes: &quot;api&quot;, expected: &quot;Bearer realm=\&quot;mcp\&quot;, scope=\&quot;api\&quot;&quot;)" computerName="adb-03" duration="00:00:00.0000025" startTime="2026-08-01T22:30:35.5924090+03:00" endTime="2026-08-01T22:30:35.5924510+03:00" testType="13cdc9d9-ddb5-4fa4-a97d-d965ccfc6d4b" outcome="Passed" testListId="8c84fa94-04c1-424b-9868-57a2d4851a1d" relativeResultsDirectory="80bbf8ec-5f90-41b7-88bf-1a2b7d04e307" />
    <UnitTestResult executionId="8e204176-9901-4248-9ebb-47487e0c578d" testId="96116e4f-2ad2-a118-0dfd-7b4656024457" testName="MCPify.Tests.Unit.WwwAuthenticateScopeTests.AppendScopeIfBearer_BehavesAsExpected(header: null, scopes: &quot;api&quot;, expected: &quot;Bearer scope=\&quot;api\&quot;&quot;)" computerName="adb-03" duration="00:00:00.0000864" startTime="2026-08-01T22:30:35.5920180+03:00" endTime="2026-08-01T22:30:35.5920650+03:00" testType="13cdc9d9-ddb5-4fa4-a97d-d965ccfc6d4b" outcome="Passed" testListId="8c84fa94-04c1-424b-9868-57a2d4851a1d" relativeResultsDirectory="8e204176-9901-4248-9ebb-47487e0c578d" />
    <UnitTestResult executionId="f6e03233-206f-4045-8291-6186b0de251a" testId="82b4ca7f-f71f-cac4-ed2f-86d97609c52d" testName="MCPify.Tests.PolicyTests.RateLimitPolicy_TracksPerSession" computerName="adb-03" duration="00:00:00.0003072" startTime="2026-08-01T22:30:35.1846530+03:00" endTime="2026-08-01T22:30:35.1847090+03:00" testType="13cdc9d9-ddb5-4fa4-a97d-d965ccfc6d4b" outcome="Passed" testListId="8c84fa94-04c1-424b-9868-57a2d4851a1d" relativeResultsDirectory="f6e03233-206f-4045-8291-6186b0de251a" />
    <UnitTestResult executionId="abac05fd-1a6b-4622-ad1b-4ec732c85a1c" testId="10918277-d27f-a998-654c-bfd3c9bd1f23" testName="MCPify.Tests.TokenIsolationTests.AuthProviderNames_IncludesTokenHost" computerName="adb-03" duration="00:00:00.0000353" startTime="2026-08-01T22:30:35.3747700+03:00" endTime="2026-08-01T22:30:35.3747940+03:00" testType="13cdc9d9-ddb5-4fa4-a97d-d965ccfc6d4b" outcome="Passed" testListId="8c84fa94-04c1-424b-9868-57a2d4851a1d" relativeResultsDirectory="abac05fd-1a6b-4622-ad1b-4ec732c85a1c" />
    <UnitTestResult executionId="b67a397f-7352-4fee-a16b-f81ea2117a1b" testId="417234d2-df91-dfcd-4dd4-7d603d44c8af" testName="MCPify.Tests.DelegateToolTests.AddMcpifyTool_OverloadWithStringHandler_Registers" computerName="adb-03" duration="00:00:00.0016728" startTime="2026-08-01T22:30:35.3815440+03:00" endTime="2026-08-01T22:30:35.3830700+03:00" testType="13cdc9d9-ddb5-4fa4-a97d-d965ccfc6d4b" outcome="Passed" testListId="8c84fa94-04c1-424b-9868-57a2d4851a1d" relativeResultsDirectory="b67a397f-7352-4fee-a16b-f81ea2117a1b" />
    <UnitTestResult executionId="23691de7-6893-4833-9f5c-0a4d4258f9b9" testId="bc8fa7ae-3188-b921-e807-5e17030535e0" testName="MCPify.Tests.Unit.UpstreamAuthTests.Custom_Builds_UserProvidedProvider" computerName="adb-03" duration="00:00:00.0005338" startTime="2026-08-01T22:30:35.5884560+03:00" endTime="2026-08-01T22:30:35.5889570+03:00" testType="13cdc9d9-ddb5-4fa4-a97d-d965ccfc6d4b" outcome="Passed" testListId="8c84fa94-04c1-424b-9868-57a2d4851a1d" relativeResultsDirectory="23691de7-6893-4833-9f5c-0a4d4258f9b9" />
    <UnitTestResult executionId="1290d07f-fbf3-407e-96d0-665d2623a827" testId="e5886726-de63-74ad-4a3a-8831e16213bf" testName="MCPify.Tests.PolicyTests.RateLimitPolicy_AllowsUnderLimit" computerName="adb-03" duration="00:00:00.0002399" startTime="2026-08-01T22:30:35.1849060+03:00" endTime="2026-08-01T22:30:35.1849270+03:00" testType="13cdc9d9-ddb5-4fa4-a97d-d965ccfc6d4b" outcome="Passed" testListId="8c84fa94-04c1-424b-9868-57a2d4851a1d" relativeResultsDirectory="1290d07f-fbf3-407e-96d0-665d2623a827" />
    <UnitTestResult executionId="4b291af9-e98e-4712-a5c5-f9f46b6bdb43" testId="b568919c-a7ec-0a27-680a-a426004f84e0" testName="MCPify.Tests.AuthenticationTests.BasicAuthentication_AppliesCorrectly" computerName="adb-03" duration="00:00:00.0003333" startTime="2026-08-01T22:30:35.5807710+03:00" endTime="2026-08-01T22:30:35.5810820+03:00" testType="13cdc9d9-ddb5-4fa4-a97d-d965ccfc6d4b" outcome="Passed" testListId="8c84fa94-04c1-424b-9868-57a2d4851a1d" relativeResultsDirectory="4b291af9-e98e-4712-a5c5-f9f46b6bdb43" />
    <UnitTestResult executionId="de2b4880-4b3b-411a-bf3c-ac5d504ff5dd" testId="6085bed4-aee8-391e-9020-512cdd386e27" testName="MCPify.Tests.OAuthAuthenticationTests.Constructor_ThrowsWhenStateSecretIsTooShort" computerName="adb-03" duration="00:00:00.1773606" startTime="2026-08-01T22:30:36.5417350+03:00" endTime="2026-08-01T22:30:36.7200430+03:00" testType="13cdc9d9-ddb5-4fa4-a97d-d965ccfc6d4b" outcome="Passed" testListId="8c84fa94-04c1-424b-9868-57a2d4851a1d" relativeResultsDirectory="de2b4880-4b3b-411a-bf3c-ac5d504ff5dd" />
    <UnitTestResult executionId="0730013b-1b96-46c3-8562-b67fed9613c3" testId="7a1c6d6d-0d84-8e48-99ee-6abd38a78c0a" testName="MCPify.Tests.Integration.LoginToolTests.LoginTool_CopiesTokenToDefaultSession_InStdioMode" computerName="adb-03" duration="00:00:00.0210612" startTime="2026-08-01T22:30:36.4258040+03:00" endTime="2026-08-01T22:30:36.4465540+03:00" testType="13cdc9d9-ddb5-4fa4-a97d-d965ccfc6d4b" outcome="Passed" testListId="8c84fa94-04c1-424b-9868-57a2d4851a1d" relativeResultsDirectory="0730013b-1b96-46c3-8562-b67fed9613c3" />
    <UnitTestResult executionId="a7a91b4a-d0f8-4162-b8c6-fd8b37d373df" testId="7ef725e0-4fc9-9772-a35d-7e47ed9b6a0d" testName="MCPify.Tests.OpenApiOAuthParserTests.Parse_ReturnsNull_WhenNoSecuritySchemes" computerName="adb-03" duration="00:00:00.0000262" startTime="2026-08-01T22:30:35.1864940+03:00" endTime="2026-08-01T22:30:35.1865200+03:00" testType="13cdc9d9-ddb5-4fa4-a97d-d965ccfc6d4b" outcome="Passed" testListId="8c84fa94-04c1-424b-9868-57a2d4851a1d" relativeResultsDirectory="a7a91b4a-d0f8-4162-b8c6-fd8b37d373df" />
    <UnitTestResult executionId="6bbac7ae-d0ae-4576-87c9-fb8cf448b939" testId="7205316a-3520-b358-f4b4-665ceae6106e" testName="MCPify.Tests.OAuthAuthenticationTests.Constructor_ThrowsWhenStateSecretIsNull" computerName="adb-03" duration="00:00:00.1061026" startTime="2026-08-01T22:30:36.7205380+03:00" endTime="2026-08-01T22:30:36.8276100+03:00" testType="13cdc9d9-ddb5-4fa4-a97d-d965ccfc6d4b" outcome="Passed" testListId="8c84fa94-04c1-424b-9868-57a2d4851a1d" relativeResultsDirectory="6bbac7ae-d0ae-4576-87c9-fb8cf448b939" />
    <UnitTestResult executionId="6ef3355f-d921-4f98-bfd9-57a35c5cb1e7" testId="56fe504b-f0e5-8469-a829-ba5186605f4a" testName="MCPify.Tests.OAuthAuthenticationTests.ApplyAsync_DoesNotUseDefaultSessionToken_WhenFallbackDisabled" computerName="adb-03" duration="00:00:00.0890131" startTime="2026-08-01T22:30:36.9595360+03:00" endTime="2026-08-01T22:30:37.0496710+03:00" testType="13cdc9d9-ddb5-4fa4-a97d-d965ccfc6d4b" outcome="Passed" testListId="8c84fa94-04c1-424b-9868-57a2d4851a1d" relativeResultsDirectory="6ef3355f-d921-4f98-bfd9-57a35c5cb1e7" />
    <UnitTestResult executionId="7e503089-493d-4234-b448-41c3398ddaee" testId="d5839f2b-37e6-bec6-842f-88281855ca01" testName="MCPify.Tests.Unit.SessionManagementToolTests.Connect_GeneratesSecureSessionId_WhenServerSessionMissing" computerName="adb-03" duration="00:00:00.2232489" startTime="2026-08-01T22:30:35.1702690+03:00" endTime="2026-08-01T22:30:35.3805280+03:00" testType="13cdc9d9-ddb5-4fa4-a97d-d965ccfc6d4b" outcome="Passed" testListId="8c84fa94-04c1-424b-9868-57a2d4851a1d" relativeResultsDirectory="7e503089-493d-4234-b448-41c3398ddaee" />
    <UnitTestResult executionId="92b5cf8a-e78c-4ab6-97ce-7b133dd056d0" testId="96f0f699-6b66-afcc-5a55-d4fbbfc7bac0" testName="MCPify.Tests.OpenApiProxyToolTests.InvokeAsync_CallsCorrectUrl" computerName="adb-03" duration="00:00:00.1099393" startTime="2026-08-01T22:30:36.6674310+03:00" endTime="2026-08-01T22:30:36.7789430+03:00" testType="13cdc9d9-ddb5-4fa4-a97d-d965ccfc6d4b" outcome="Passed" testListId="8c84fa94-04c1-424b-9868-57a2d4851a1d" relativeResultsDirectory="92b5cf8a-e78c-4ab6-97ce-7b133dd056d0" />
    <UnitTestResult executionId="a2b7ed75-8161-42a8-8a8a-8f6dac71636f" testId="ab3686e4-85c3-402e-7a11-1f5ada2f1fc7" testName="MCPify.Tests.ToolFilterTests.AllowTags_FiltersByTag" computerName="adb-03" duration="00:00:00.0001628" startTime="2026-08-01T22:30:35.3124510+03:00" endTime="2026-08-01T22:30:35.3126640+03:00" testType="13cdc9d9-ddb5-4fa4-a97d-d965ccfc6d4b" outcome="Passed" testListId="8c84fa94-04c1-424b-9868-57a2d4851a1d" relativeResultsDirectory="a2b7ed75-8161-42a8-8a8a-8f6dac71636f" />
    <UnitTestResult executionId="1e7383ee-7555-4557-98b4-2e26f1163da3" testId="7a851774-f243-1a7c-b7b7-2d614d1b2e11" testName="MCPify.Tests.TokenExchangeAuthenticationTests.Constructor_ThrowsOnNullTokenEndpoint" computerName="adb-03" duration="00:00:00.0001401" startTime="2026-08-01T22:30:35.7449890+03:00" endTime="2026-08-01T22:30:35.7450310+03:00" testType="13cdc9d9-ddb5-4fa4-a97d-d965ccfc6d4b" outcome="Passed" testListId="8c84fa94-04c1-424b-9868-57a2d4851a1d" relativeResultsDirectory="1e7383ee-7555-4557-98b4-2e26f1163da3" />
    <UnitTestResult executionId="630b02dc-a930-426a-ba60-a49fc8a9c595" testId="9ab61e7a-3713-08dc-533f-0fa54e3193ba" testName="MCPify.Tests.Unit.UpstreamAuthTransportPolicyTests.AddMcpify_LegacyTokenSourceServer_WithoutFactory_FallsBackToTransportDefault" computerName="adb-03" duration="00:00:00.0006098" startTime="2026-08-01T22:30:35.3723830+03:00" endTime="2026-08-01T22:30:35.3729340+03:00" testType="13cdc9d9-ddb5-4fa4-a97d-d965ccfc6d4b" outcome="Passed" testListId="8c84fa94-04c1-424b-9868-57a2d4851a1d" relativeResultsDirectory="630b02dc-a930-426a-ba60-a49fc8a9c595" />
    <UnitTestResult executionId="b93708e6-235b-4bbd-8578-1658d5c4b7a0" testId="0d230f71-3a08-491e-7a5e-085ee9b3714d" testName="MCPify.Tests.ToolFilterTests.DenyMethods_ExcludesByMethod" computerName="adb-03" duration="00:00:00.0001711" startTime="2026-08-01T22:30:35.3121470+03:00" endTime="2026-08-01T22:30:35.3121900+03:00" testType="13cdc9d9-ddb5-4fa4-a97d-d965ccfc6d4b" outcome="Passed" testListId="8c84fa94-04c1-424b-9868-57a2d4851a1d" relativeResultsDirectory="b93708e6-235b-4bbd-8578-1658d5c4b7a0" />
    <UnitTestResult executionId="ffafac6e-8dd4-4d9c-aed1-b7963776571e" testId="93590896-8a5c-7758-20f3-08bed4d0c0ae" testName="MCPify.Tests.Unit.SessionAwareToolDecoratorTests.InvokeAsync_EnforcesScopeRequirement_WhenScopePresent" computerName="adb-03" duration="00:00:00.0038418" startTime="2026-08-01T22:30:35.4269580+03:00" endTime="2026-08-01T22:30:35.4306920+03:00" testType="13cdc9d9-ddb5-4fa4-a97d-d965ccfc6d4b" outcome="Passed" testListId="8c84fa94-04c1-424b-9868-57a2d4851a1d" relativeResultsDirectory="ffafac6e-8dd4-4d9c-aed1-b7963776571e" />
    <UnitTestResult executionId="301e6ea4-8b9a-40e4-8070-2310f68ce43d" testId="115745a9-cddb-2c86-ad1b-0c1643adf864" testName="MCPify.Tests.Unit.ScopeRequirementTests.MetadataEndpoint_IncludesAuthorizationServers_FromOAuthConfiguration" computerName="adb-03" duration="00:00:00.4023154" startTime="2026-08-01T22:30:35.3236720+03:00" endTime="2026-08-01T22:30:35.5859050+03:00" testType="13cdc9d9-ddb5-4fa4-a97d-d965ccfc6d4b" outcome="Passed" testListId="8c84fa94-04c1-424b-9868-57a2d4851a1d" relativeResultsDirectory="301e6ea4-8b9a-40e4-8070-2310f68ce43d" />
    <UnitTestResult executionId="61693c03-1483-4f7c-acb4-3d9cf04e0d48" testId="155ca055-dab5-0c8e-dea0-508386a3a0d6" testName="MCPify.Tests.OpenApiProviderTests.LoadAsync_BlocksPrivateIpUrl_ByDefault" computerName="adb-03" duration="00:00:00.0008340" startTime="2026-08-01T22:30:35.5777980+03:00" endTime="2026-08-01T22:30:35.5788280+03:00" testType="13cdc9d9-ddb5-4fa4-a97d-d965ccfc6d4b" outcome="Passed" testListId="8c84fa94-04c1-424b-9868-57a2d4851a1d" relativeResultsDirectory="61693c03-1483-4f7c-acb4-3d9cf04e0d48" />
    <UnitTestResult executionId="392d7463-4bf0-4904-ab4a-ea66236c1f0a" testId="2e858810-dee2-347f-4d93-af15b6b33f11" testName="MCPify.Tests.Unit.ResourceParameterTests.BuildAuthorizationUrl_IncludesResourceParameter_WhenConfigured" computerName="adb-03" duration="00:00:00.0087863" startTime="2026-08-01T22:30:35.1803550+03:00" endTime="2026-08-01T22:30:35.1856270+03:00" testType="13cdc9d9-ddb5-4fa4-a97d-d965ccfc6d4b" outcome="Passed" testListId="8c84fa94-04c1-424b-9868-57a2d4851a1d" relativeResultsDirectory="392d7463-4bf0-4904-ab4a-ea66236c1f0a" />
    <UnitTestResult executionId="47532da1-4106-47bb-95dd-f0c762bc0865" testId="e7844c4d-3e0c-0492-a1c4-06a47edfb7b9" testName="MCPify.Tests.Unit.UpstreamAuthTests.TokenExchange_ThrowsOnMissingTokenEndpoint" computerName="adb-03" duration="00:00:00.0001057" startTime="2026-08-01T22:30:35.5904330+03:00" endTime="2026-08-01T22:30:35.5905100+03:00" testType="13cdc9d9-ddb5-4fa4-a97d-d965ccfc6d4b" outcome="Passed" testListId="8c84fa94-04c1-424b-9868-57a2d4851a1d" relativeResultsDirectory="47532da1-4106-47bb-95dd-f0c762bc0865" />
    <UnitTestResult executionId="85c491f3-7d3f-4f9a-a289-4cc57fd2ea92" testId="de90ce3c-a0b3-dcf2-f3bf-b4742c0f5774" testName="MCPify.Tests.TokenExchangeAuthenticationTests.GetOrExchangeTokenAsync_UsesCustomProviderName" computerName="adb-03" duration="00:00:00.0002928" startTime="2026-08-01T22:30:35.7459260+03:00" endTime="2026-08-01T22:30:35.7460090+03:00" testType="13cdc9d9-ddb5-4fa4-a97d-d965ccfc6d4b" outcome="Passed" testListId="8c84fa94-04c1-424b-9868-57a2d4851a1d" relativeResultsDirectory="85c491f3-7d3f-4f9a-a289-4cc57fd2ea92" />
    <UnitTestResult executionId="2acc027a-1866-43d0-8ed0-f2d659918963" testId="356be40d-cb2e-9c0a-e367-e1e3e27243cf" testName="MCPify.Tests.OpenApiOAuthParserTests.Parse_ExtractsAuthorizationCodeFlow" computerName="adb-03" duration="00:00:00.0044247" startTime="2026-08-01T22:30:35.1865780+03:00" endTime="2026-08-01T22:30:35.3124950+03:00" testType="13cdc9d9-ddb5-4fa4-a97d-d965ccfc6d4b" outcome="Passed" testListId="8c84fa94-04c1-424b-9868-57a2d4851a1d" relativeResultsDirectory="2acc027a-1866-43d0-8ed0-f2d659918963" />
    <UnitTestResult executionId="9da966a8-4798-4312-af17-1c72faf71bff" testId="06532521-5471-5e3a-2c28-2b035d5fab65" testName="MCPify.Tests.AuthenticationTests.ApiKeyAuthentication_Query_AppliesCorrectly" computerName="adb-03" duration="00:00:00.0001806" startTime="2026-08-01T22:30:35.5806110+03:00" endTime="2026-08-01T22:30:35.5806590+03:00" testType="13cdc9d9-ddb5-4fa4-a97d-d965ccfc6d4b" outcome="Passed" testListId="8c84fa94-04c1-424b-9868-57a2d4851a1d" relativeResultsDirectory="9da966a8-4798-4312-af17-1c72faf71bff" />
    <UnitTestResult executionId="f7b950d1-0c59-4d48-8644-4910fe956150" testId="344ac146-f7f5-5e5a-68dd-c27e8d8161a0" testName="MCPify.Tests.PolicyTests.ToolAllowlistPolicy_BlocksUnlistedTools" computerName="adb-03" duration="00:00:00.0001524" startTime="2026-08-01T22:30:35.1848240+03:00" endTime="2026-08-01T22:30:35.1848480+03:00" testType="13cdc9d9-ddb5-4fa4-a97d-d965ccfc6d4b" outcome="Passed" testListId="8c84fa94-04c1-424b-9868-57a2d4851a1d" relativeResultsDirectory="f7b950d1-0c59-4d48-8644-4910fe956150" />
    <UnitTestResult executionId="151fef92-1009-4ae6-bb88-71d22ac92f1b" testId="f27753b8-b09a-6dfb-a784-2b23bca7a7ed" testName="MCPify.Tests.ToolFilterTests.AllowMethods_FiltersByMethod" computerName="adb-03" duration="00:00:00.0001582" startTime="2026-08-01T22:30:35.3123010+03:00" endTime="2026-08-01T22:30:35.3123440+03:00" testType="13cdc9d9-ddb5-4fa4-a97d-d965ccfc6d4b" outcome="Passed" testListId="8c84fa94-04c1-424b-9868-57a2d4851a1d" relativeResultsDirectory="151fef92-1009-4ae6-bb88-71d22ac92f1b" />
    <UnitTestResult executionId="e02c29b2-4824-49ac-ac56-94ea02537154" testId="c06b5a2e-b18e-6f5d-15e6-ddf4f001c856" testName="MCPify.Tests.TokenExchangeAuthenticationTests.ApplyAsync_DoesNotSetHeader_WhenNoMcpToken" computerName="adb-03" duration="00:00:00.0002218" startTime="2026-08-01T22:30:35.7492430+03:00" endTime="2026-08-01T22:30:35.7492650+03:00" testType="13cdc9d9-ddb5-4fa4-a97d-d965ccfc6d4b" outcome="Passed" testListId="8c84fa94-04c1-424b-9868-57a2d4851a1d" relativeResultsDirectory="e02c29b2-4824-49ac-ac56-94ea02537154" />
    <UnitTestResult executionId="7cf5b837-4299-4c3b-971d-059e7eca93be" testId="54477dc1-1582-40c9-c645-2d4555bfae49" testName="MCPify.Tests.Integration.AuthCallbackTests.MapAuthCallback_ExposesDebugInfo_InDevelopment" computerName="adb-03" duration="00:00:00.4188827" startTime="2026-08-01T22:30:35.1701050+03:00" endTime="2026-08-01T22:30:35.5765590+03:00" testType="13cdc9d9-ddb5-4fa4-a97d-d965ccfc6d4b" outcome="Passed" testListId="8c84fa94-04c1-424b-9868-57a2d4851a1d" relativeResultsDirectory="7cf5b837-4299-4c3b-971d-059e7eca93be" />
    <UnitTestResult executionId="dbf9b778-8a79-4c18-a598-e3d8897981e3" testId="f01e6f88-01be-6835-9ec1-6ec85e3b0a77" testName="MCPify.Tests.Integration.OpenApiOAuthScopeIntegrationTests.OpenApiParser_ExtractsScopes_AndAddsToStore" computerName="adb-03" duration="00:00:00.0002004" startTime="2026-08-01T22:30:35.9982100+03:00" endTime="2026-08-01T22:30:35.9983230+03:00" testType="13cdc9d9-ddb5-4fa4-a97d-d965ccfc6d4b" outcome="Passed" testListId="8c84fa94-04c1-424b-9868-57a2d4851a1d" relativeResultsDirectory="dbf9b778-8a79-4c18-a598-e3d8897981e3" />
    <UnitTestResult executionId="6b251b5e-b47c-4ec8-aaf5-4d8832adae45" testId="9a03b302-f977-f3cf-3698-228294e901ac" testName="MCPify.Tests.Unit.UpstreamAuthTests.ServerManaged_ThrowsOnNullFactory" computerName="adb-03" duration="00:00:00.0001705" startTime="2026-08-01T22:30:35.5899470+03:00" endTime="2026-08-01T22:30:35.5899910+03:00" testType="13cdc9d9-ddb5-4fa4-a97d-d965ccfc6d4b" outcome="Passed" testListId="8c84fa94-04c1-424b-9868-57a2d4851a1d" relativeResultsDirectory="6b251b5e-b47c-4ec8-aaf5-4d8832adae45" />
    <UnitTestResult executionId="8fd83467-e9d4-4403-8c94-242d4fd54648" testId="31f714a7-46fc-841a-7a1f-a21f6cf510d9" testName="MCPify.Tests.Unit.MultiHostPassThroughWarningTests.UsesPassThrough_DetectsNestedFallback" computerName="adb-03" duration="00:00:00.0000970" startTime="2026-08-01T22:30:35.3576860+03:00" endTime="2026-08-01T22:30:35.3577170+03:00" testType="13cdc9d9-ddb5-4fa4-a97d-d965ccfc6d4b" outcome="Passed" testListId="8c84fa94-04c1-424b-9868-57a2d4851a1d" relativeResultsDirectory="8fd83467-e9d4-4403-8c94-242d4fd54648" />
    <UnitTestResult executionId="743e7458-5457-405c-8f0b-b5e84237363a" testId="bdf5f4d1-9064-ff79-fd3e-865036f58cb3" testName="MCPify.Tests.TokenExchangeAuthenticationTests.GetOrExchangeTokenAsync_CachesToken" computerName="adb-03" duration="00:00:00.0002687" startTime="2026-08-01T22:30:35.7462870+03:00" endTime="2026-08-01T22:30:35.7463050+03:00" testType="13cdc9d9-ddb5-4fa4-a97d-d965ccfc6d4b" outcome="Passed" testListId="8c84fa94-04c1-424b-9868-57a2d4851a1d" relativeResultsDirectory="743e7458-5457-405c-8f0b-b5e84237363a" />
    <UnitTestResult executionId="b213458f-fd4e-4ec3-9f8e-3afb17fd2e19" testId="32d4b6aa-4a07-6c4d-e691-83730a107fb5" testName="MCPify.Tests.Unit.UpstreamAuthTests.PassThrough_Builds_McpContextTokenProvider" computerName="adb-03" duration="00:00:00.0002111" startTime="2026-08-01T22:30:35.5917780+03:00" endTime="2026-08-01T22:30:35.5918260+03:00" testType="13cdc9d9-ddb5-4fa4-a97d-d965ccfc6d4b" outcome="Passed" testListId="8c84fa94-04c1-424b-9868-57a2d4851a1d" relativeResultsDirectory="b213458f-fd4e-4ec3-9f8e-3afb17fd2e19" />
    <UnitTestResult executionId="026cb196-c305-49cb-acc6-91d824aa75b4" testId="56dfc6b4-4a42-1c5b-184a-435feed66092" testName="MCPify.Tests.Integration.OAuthMetadataEndpointTests.GetMetadata_ReturnsDefaultMetadata_WhenNoOAuthConfigured" computerName="adb-03" duration="00:00:00.3575156" startTime="2026-08-01T22:30:35.3795980+03:00" endTime="2026-08-01T22:30:35.7370000+03:00" testType="13cdc9d9-ddb5-4fa4-a97d-d965ccfc6d4b" outcome="Passed" testListId="8c84fa94-04c1-424b-9868-57a2d4851a1d" relativeResultsDirectory="026cb196-c305-49cb-acc6-91d824aa75b4" />
    <UnitTestResult executionId="ab4d00e5-3904-4362-99af-4bc2c3a41ed2" testId="72cff0eb-d20e-4fbd-e511-12985311798f" testName="MCPify.Tests.TokenExchangeAuthenticationTests.ApplyAsync_StripsBearer_FromSubjectToken" computerName="adb-03" duration="00:00:00.0007222" startTime="2026-08-01T22:30:35.7463490+03:00" endTime="2026-08-01T22:30:35.7468280+03:00" testType="13cdc9d9-ddb5-4fa4-a97d-d965ccfc6d4b" outcome="Passed" testListId="8c84fa94-04c1-424b-9868-57a2d4851a1d" relativeResultsDirectory="ab4d00e5-3904-4362-99af-4bc2c3a41ed2" />
    <UnitTestResult executionId="e3a5dccb-0008-4f8a-927e-9453cd01d580" testId="9e775b31-2a16-6bcc-7b62-fc991da4cb91" testName="MCPify.Tests.Integration.OAuthMiddlewareTests.Request_Returns200_WhenTokenPresent" computerName="adb-03" duration="00:00:00.1835628" startTime="2026-08-01T22:30:36.3647090+03:00" endTime="2026-08-01T22:30:36.5484400+03:00" testType="13cdc9d9-ddb5-4fa4-a97d-d965ccfc6d4b" outcome="Passed" testListId="8c84fa94-04c1-424b-9868-57a2d4851a1d" relativeResultsDirectory="e3a5dccb-0008-4f8a-927e-9453cd01d580" />
    <UnitTestResult executionId="891a9bba-5ea1-48b4-82f3-28254ab87db9" testId="06481aa1-1836-acf2-a813-77f3d5a84250" testName="MCPify.Tests.OAuthAuthenticationTests.Constructor_AcceptsStateSecretFromEnvironmentVariable" computerName="adb-03" duration="00:00:00.3871582" startTime="2026-08-01T22:30:35.1702880+03:00" endTime="2026-08-01T22:30:35.5760790+03:00" testType="13cdc9d9-ddb5-4fa4-a97d-d965ccfc6d4b" outcome="Passed" testListId="8c84fa94-04c1-424b-9868-57a2d4851a1d" relativeResultsDirectory="891a9bba-5ea1-48b4-82f3-28254ab87db9" />
    <UnitTestResult executionId="74646442-94cd-49ff-8ec2-1b48911c9969" testId="fe3691ef-052e-9bf9-fbaa-acdf38117cda" testName="MCPify.Tests.ToolFilterTests.AllowPaths_FiltersByPrefix" computerName="adb-03" duration="00:00:00.0001109" startTime="2026-08-01T22:30:35.3138610+03:00" endTime="2026-08-01T22:30:35.3139000+03:00" testType="13cdc9d9-ddb5-4fa4-a97d-d965ccfc6d4b" outcome="Passed" testListId="8c84fa94-04c1-424b-9868-57a2d4851a1d" relativeResultsDirectory="74646442-94cd-49ff-8ec2-1b48911c9969" />
    <UnitTestResult executionId="f3c55570-fc08-43b8-ae5e-93eee73cc7f0" testId="f95d12e3-aa32-35c3-9e90-5091d6a35016" testName="MCPify.Tests.ToolFilterTests.CombinedAllowAndDeny_DenyTakesPrecedence" computerName="adb-03" duration="00:00:00.0023578" startTime="2026-08-01T22:30:35.1866340+03:00" endTime="2026-08-01T22:30:35.1866550+03:00" testType="13cdc9d9-ddb5-4fa4-a97d-d965ccfc6d4b" outcome="Passed" testListId="8c84fa94-04c1-424b-9868-57a2d4851a1d" relativeResultsDirectory="f3c55570-fc08-43b8-ae5e-93eee73cc7f0" />
    <UnitTestResult executionId="54609d40-bced-4675-b110-b2a21a52c2ec" testId="f01d5bef-c4f8-fa94-5d81-68acf4098d1b" testName="MCPify.Tests.OpenApiProviderTests.LoadAsync_AllowsLoopbackUrl_WhenPrivateAddressesAllowed" computerName="adb-03" duration="00:00:00.1442709" startTime="2026-08-01T22:30:35.4220150+03:00" endTime="2026-08-01T22:30:35.5684790+03:00" testType="13cdc9d9-ddb5-4fa4-a97d-d965ccfc6d4b" outcome="Passed" testListId="8c84fa94-04c1-424b-9868-57a2d4851a1d" relativeResultsDirectory="54609d40-bced-4675-b110-b2a21a52c2ec" />
    <UnitTestResult executionId="b5c81d55-2c5d-4c50-9114-b68075953095" testId="63791482-b58f-3d6b-fcf6-c3997cdfee8c" testName="MCPify.Tests.Unit.UpstreamAuthTransportPolicyTests.AddMcpify_DefaultsToPassThrough_WhenStdioAndAuthUnset" computerName="adb-03" duration="00:00:00.0004114" startTime="2026-08-01T22:30:35.3680630+03:00" endTime="2026-08-01T22:30:35.3683580+03:00" testType="13cdc9d9-ddb5-4fa4-a97d-d965ccfc6d4b" outcome="Passed" testListId="8c84fa94-04c1-424b-9868-57a2d4851a1d" relativeResultsDirectory="b5c81d55-2c5d-4c50-9114-b68075953095" />
    <UnitTestResult executionId="2ba55d13-a3e8-46ce-b145-0a747a1bc662" testId="59dc8378-9541-2b23-c786-1f522e5a5960" testName="MCPify.Tests.AuthenticationTests.BearerAuthentication_AppliesCorrectly" computerName="adb-03" duration="00:00:00.0008991" startTime="2026-08-01T22:30:35.5826140+03:00" endTime="2026-08-01T22:30:35.5826480+03:00" testType="13cdc9d9-ddb5-4fa4-a97d-d965ccfc6d4b" outcome="Passed" testListId="8c84fa94-04c1-424b-9868-57a2d4851a1d" relativeResultsDirectory="2ba55d13-a3e8-46ce-b145-0a747a1bc662" />
    <UnitTestResult executionId="45ce419f-49d9-4281-8175-ec10c38c6874" testId="7347dbb1-5ac8-8cc7-be21-4a9c46d5823d" testName="MCPify.Tests.Unit.UpstreamAuthTests.Fallback_ThrowsOnSingleStrategy" computerName="adb-03" duration="00:00:00.0001999" startTime="2026-08-01T22:30:35.5915530+03:00" endTime="2026-08-01T22:30:35.5916100+03:00" testType="13cdc9d9-ddb5-4fa4-a97d-d965ccfc6d4b" outcome="Passed" testListId="8c84fa94-04c1-424b-9868-57a2d4851a1d" relativeResultsDirectory="45ce419f-49d9-4281-8175-ec10c38c6874" />
    <UnitTestResult executionId="2fc225b8-5248-47bf-beaa-fc639e6ddd14" testId="951810a1-ba0c-b19f-f8a7-a6c38dfa406c" testName="MCPify.Tests.OpenApiProxyToolTests.InvokeAsync_PathParameterLookup_IsCaseInsensitive" computerName="adb-03" duration="00:00:00.0719362" startTime="2026-08-01T22:30:36.5939900+03:00" endTime="2026-08-01T22:30:36.6672960+03:00" testType="13cdc9d9-ddb5-4fa4-a97d-d965ccfc6d4b" outcome="Passed" testListId="8c84fa94-04c1-424b-9868-57a2d4851a1d" relativeResultsDirectory="2fc225b8-5248-47bf-beaa-fc639e6ddd14" />
    <UnitTestResult executionId="f3949949-d0a0-4863-b856-c1f13a7eaf80" testId="04836663-34ce-7fb0-0bbf-98ac5b9ef60f" testName="MCPify.Tests.Unit.UpstreamAuthTransportPolicyTests.AddMcpify_Throws_WhenHttpExternalFallbackStartsWithPassThroughWithoutOptIn" computerName="adb-03" duration="00:00:00.0002890" startTime="2026-08-01T22:30:35.3691710+03:00" endTime="2026-08-01T22:30:35.3691910+03:00" testType="13cdc9d9-ddb5-4fa4-a97d-d965ccfc6d4b" outcome="Passed" testListId="8c84fa94-04c1-424b-9868-57a2d4851a1d" relativeResultsDirectory="f3949949-d0a0-4863-b856-c1f13a7eaf80" />
    <UnitTestResult executionId="7b53c1c4-7efb-446f-b39e-aeb5b7e1415e" testId="55ef5279-9b5d-a81e-729c-0ee275cbf319" testName="MCPify.Tests.DelegateToolTests.AddMcpifyTool_RegistersAsMcpServerTool" computerName="adb-03" duration="00:00:00.0001271" startTime="2026-08-01T22:30:35.3831860+03:00" endTime="2026-08-01T22:30:35.3832100+03:00" testType="13cdc9d9-ddb5-4fa4-a97d-d965ccfc6d4b" outcome="Passed" testListId="8c84fa94-04c1-424b-9868-57a2d4851a1d" relativeResultsDirectory="7b53c1c4-7efb-446f-b39e-aeb5b7e1415e" />
    <UnitTestResult executionId="e69e6eaf-aa40-406e-8c97-0d75c65e60fc" testId="23f43617-1007-b992-a400-ab06019672e8" testName="MCPify.Tests.TokenExchangeAuthenticationTests.ExchangeTokenAsync_IncludesOptionalParameters" computerName="adb-03" duration="00:00:00.0004572" startTime="2026-08-01T22:30:35.7445860+03:00" endTime="2026-08-01T22:30:35.7448630+03:00" testType="13cdc9d9-ddb5-4fa4-a97d-d965ccfc6d4b" outcome="Passed" testListId="8c84fa94-04c1-424b-9868-57a2d4851a1d" relativeResultsDirectory="e69e6eaf-aa40-406e-8c97-0d75c65e60fc" />
    <UnitTestResult executionId="3e34c967-2f7d-4f8f-aa2e-788d9600daac" testId="76df5cb4-abe5-f48a-719f-d2839613a73f" testName="MCPify.Tests.PolicyTests.Policies_RegisteredViaDI_AreEvaluated" computerName="adb-03" duration="00:00:00.0061734" startTime="2026-08-01T22:30:35.1802760+03:00" endTime="2026-08-01T22:30:35.1803780+03:00" testType="13cdc9d9-ddb5-4fa4-a97d-d965ccfc6d4b" outcome="Passed" testListId="8c84fa94-04c1-424b-9868-57a2d4851a1d" relativeResultsDirectory="3e34c967-2f7d-4f8f-aa2e-788d9600daac" />
    <UnitTestResult executionId="91fba7ef-4399-4456-93e7-ae90a7957449" testId="7b5b6b3a-60a9-d1b2-2ae2-ec1639c90f60" testName="MCPify.Tests.Unit.UpstreamAuthTransportPolicyTests.AddMcpify_DoesNotHijackHostDefaultAuthScheme" computerName="adb-03" duration="00:00:00.0021107" startTime="2026-08-01T22:30:35.3651750+03:00" endTime="2026-08-01T22:30:35.3670870+03:00" testType="13cdc9d9-ddb5-4fa4-a97d-d965ccfc6d4b" outcome="Passed" testListId="8c84fa94-04c1-424b-9868-57a2d4851a1d" relativeResultsDirectory="91fba7ef-4399-4456-93e7-ae90a7957449" />
    <UnitTestResult executionId="b974a34c-dabc-49c3-aa06-a87d7191fa91" testId="7e2b78aa-bf07-65a5-000b-75396b9e436a" testName="MCPify.Tests.Unit.ScopeRequirementTests.Handler_Succeeds_WhenScopeMatches" computerName="adb-03" duration="00:00:00.0006458" startTime="2026-08-01T22:30:35.5877960+03:00" endTime="2026-08-01T22:30:35.5878550+03:00" testType="13cdc9d9-ddb5-4fa4-a97d-d965ccfc6d4b" outcome="Passed" testListId="8c84fa94-04c1-424b-9868-57a2d4851a1d" relativeResultsDirectory="b974a34c-dabc-49c3-aa06-a87d7191fa91" />
    <UnitTestResult executionId="800742af-8f7c-4c22-98ec-63f7b359253f" testId="761bccca-446c-80f7-1d73-e184f4a2e4f7" testName="MCPify.Tests.TokenIsolationTests.AuthProviderNames_SameClientIdDifferentHosts_Isolated" computerName="adb-03" duration="00:00:00.0000369" startTime="2026-08-01T22:30:35.3764780+03:00" endTime="2026-08-01T22:30:35.3764960+03:00" testType="13cdc9d9-ddb5-4fa4-a97d-d965ccfc6d4b" outcome="Passed" testListId="8c84fa94-04c1-424b-9868-57a2d4851a1d" relativeResultsDirectory="800742af-8f7c-4c22-98ec-63f7b359253f" />
    <UnitTestResult executionId="e7025484-5a69-48d8-94cb-a93e8d051a53" testId="a2bffc9c-972f-1e18-38a8-6c7350bf1e51" testName="MCPify.Tests.OpenApiProxyToolTests.AuthenticationFactoryTokenProvider_ReturnsFalse_WhenProviderIsNoOp" computerName="adb-03" duration="00:00:00.0998489" startTime="2026-08-01T22:30:36.7791350+03:00" endTime="2026-08-01T22:30:36.8799650+03:00" testType="13cdc9d9-ddb5-4fa4-a97d-d965ccfc6d4b" outcome="Passed" testListId="8c84fa94-04c1-424b-9868-57a2d4851a1d" relativeResultsDirectory="e7025484-5a69-48d8-94cb-a93e8d051a53" />
    <UnitTestResult executionId="c10e1f04-d89f-4fd5-855b-10da4190fb87" testId="eb647b46-9a1b-628e-804c-1e4f2e2be473" testName="MCPify.Tests.Unit.SessionAwareToolDecoratorTests.InvokeAsync_RejectsScopeRequirement_WhenScopeMissing" computerName="adb-03" duration="00:00:00.0034113" startTime="2026-08-01T22:30:35.5350630+03:00" endTime="2026-08-01T22:30:35.5385480+03:00" testType="13cdc9d9-ddb5-4fa4-a97d-d965ccfc6d4b" outcome="Passed" testListId="8c84fa94-04c1-424b-9868-57a2d4851a1d" relativeResultsDirectory="c10e1f04-d89f-4fd5-855b-10da4190fb87" />
    <UnitTestResult executionId="af428ce3-81c6-40a5-a10b-acbfc627e761" testId="fc64873c-d37a-9cc4-a009-63b176e7687a" testName="MCPify.Tests.TokenIsolationTests.AuthProviderNames_SanitizesClientId" computerName="adb-03" duration="00:00:00.0000727" startTime="2026-08-01T22:30:35.3740810+03:00" endTime="2026-08-01T22:30:35.3742450+03:00" testType="13cdc9d9-ddb5-4fa4-a97d-d965ccfc6d4b" outcome="Passed" testListId="8c84fa94-04c1-424b-9868-57a2d4851a1d" relativeResultsDirectory="af428ce3-81c6-40a5-a10b-acbfc627e761" />
    <UnitTestResult executionId="ed853124-6f92-4e4b-81de-c1be906fc1d1" testId="fac88ce5-b023-0458-cdb6-adb5a749a4a7" testName="MCPify.Tests.OpenApiProviderTests.LoadAsync_AllowsAllUrls_WhenSsrfChecksDisabled" computerName="adb-03" duration="00:00:00.0078638" startTime="2026-08-01T22:30:35.5686480+03:00" endTime="2026-08-01T22:30:35.5776970+03:00" testType="13cdc9d9-ddb5-4fa4-a97d-d965ccfc6d4b" outcome="Passed" testListId="8c84fa94-04c1-424b-9868-57a2d4851a1d" relativeResultsDirectory="ed853124-6f92-4e4b-81de-c1be906fc1d1" />
    <UnitTestResult executionId="bf4580f4-1de5-4acd-bca7-07a042eb845c" testId="9a89dc2f-5abf-df98-8b24-d40621e8ff6d" testName="MCPify.Tests.Unit.UpstreamAuthTests.TokenExchange_Builds_AuthenticationFactoryTokenProvider_WhenConfigured" computerName="adb-03" duration="00:00:00.0005233" startTime="2026-08-01T22:30:35.5891340+03:00" endTime="2026-08-01T22:30:35.5895750+03:00" testType="13cdc9d9-ddb5-4fa4-a97d-d965ccfc6d4b" outcome="Passed" testListId="8c84fa94-04c1-424b-9868-57a2d4851a1d" relativeResultsDirectory="bf4580f4-1de5-4acd-bca7-07a042eb845c" />
    <UnitTestResult executionId="3ea38e1f-6575-43ac-8829-5f67f0581e39" testId="6864f329-01fe-d4fe-6d6f-b5dc55824895" testName="MCPify.Tests.OpenApiProxyToolTests.InvokeAsync_ServerManaged_AppliesApiKeyHeader_NotJustAuthorization" computerName="adb-03" duration="00:00:00.2552565" startTime="2026-08-01T22:30:35.5933980+03:00" endTime="2026-08-01T22:30:35.8503540+03:00" testType="13cdc9d9-ddb5-4fa4-a97d-d965ccfc6d4b" outcome="Passed" testListId="8c84fa94-04c1-424b-9868-57a2d4851a1d" relativeResultsDirectory="3ea38e1f-6575-43ac-8829-5f67f0581e39" />
    <UnitTestResult executionId="abfa97aa-2472-40e0-a3be-819628460f26" testId="ee52bea3-e10b-46cc-7882-045dafd71f09" testName="MCPify.Tests.Unit.OAuthAuthorizationCodeAuthenticatorTests.CreateAsync_LoadsAuthorizationCodeFromOpenApiFile" computerName="adb-03" duration="00:00:00.2032968" startTime="2026-08-01T22:30:35.1855450+03:00" endTime="2026-08-01T22:30:35.3789690+03:00" testType="13cdc9d9-ddb5-4fa4-a97d-d965ccfc6d4b" outcome="Passed" testListId="8c84fa94-04c1-424b-9868-57a2d4851a1d" relativeResultsDirectory="abfa97aa-2472-40e0-a3be-819628460f26" />
    <UnitTestResult executionId="d3abf312-89a8-4d74-9274-29e0dcfab8d1" testId="58e348af-909e-fe30-6e2f-5ff02425b3e9" testName="MCPify.Tests.PolicyTests.RateLimitPolicy_BlocksOverLimit" computerName="adb-03" duration="00:00:00.0016046" startTime="2026-08-01T22:30:35.1795170+03:00" endTime="2026-08-01T22:30:35.1802100+03:00" testType="13cdc9d9-ddb5-4fa4-a97d-d965ccfc6d4b" outcome="Passed" testListId="8c84fa94-04c1-424b-9868-57a2d4851a1d" relativeResultsDirectory="d3abf312-89a8-4d74-9274-29e0dcfab8d1" />
    <UnitTestResult executionId="1817ca63-fa9f-4baf-ac56-b6c5bf67012d" testId="83e8c7c0-4d18-200e-c063-8dfe2dc276fe" testName="MCPify.Tests.Integration.OAuthMiddlewareTests.Request_Returns200_WhenNoOAuthConfigured" computerName="adb-03" duration="00:00:00.2125555" startTime="2026-08-01T22:30:36.1520820+03:00" endTime="2026-08-01T22:30:36.3645670+03:00" testType="13cdc9d9-ddb5-4fa4-a97d-d965ccfc6d4b" outcome="Passed" testListId="8c84fa94-04c1-424b-9868-57a2d4851a1d" relativeResultsDirectory="1817ca63-fa9f-4baf-ac56-b6c5bf67012d" />
    <UnitTestResult executionId="65d87130-2da5-40d9-b566-061023272790" testId="6b7ddaac-ab1c-2f7a-5a50-c2e8bdfcd63c" testName="MCPify.Tests.TokenExchangeAuthenticationTests.ExchangeTokenAsync_Throws_OnHttpError" computerName="adb-03" duration="00:00:00.0002715" startTime="2026-08-01T22:30:35.7493840+03:00" endTime="2026-08-01T22:30:35.7495300+03:00" testType="13cdc9d9-ddb5-4fa4-a97d-d965ccfc6d4b" outcome="Passed" testListId="8c84fa94-04c1-424b-9868-57a2d4851a1d" relativeResultsDirectory="65d87130-2da5-40d9-b566-061023272790" />
    <UnitTestResult executionId="bf145688-870d-41a8-816e-e13fcc1fb775" testId="32f8d2b7-7c2a-7b63-2477-b566a6f7a82d" testName="MCPify.Tests.Unit.UpstreamAuthTransportPolicyTests.AddMcpify_Throws_WhenHttpPassThroughConfiguredWithoutOptIn" computerName="adb-03" duration="00:00:00.0003489" startTime="2026-08-01T22:30:35.3690620+03:00" endTime="2026-08-01T22:30:35.3690960+03:00" testType="13cdc9d9-ddb5-4fa4-a97d-d965ccfc6d4b" outcome="Passed" testListId="8c84fa94-04c1-424b-9868-57a2d4851a1d" relativeResultsDirectory="bf145688-870d-41a8-816e-e13fcc1fb775" />
    <UnitTestResult executionId="05a70a3e-80a1-41d4-b30c-c526a965479e" testId="52426378-f585-b232-74fa-677fa31a3208" testName="MCPify.Tests.OAuthAuthenticationTests.ApplyAsync_UsesDefaultSessionToken_WhenFallbackEnabled" computerName="adb-03" duration="00:00:00.0867798" startTime="2026-08-01T22:30:37.0524380+03:00" endTime="2026-08-01T22:30:37.1375740+03:00" testType="13cdc9d9-ddb5-4fa4-a97d-d965ccfc6d4b" outcome="Passed" testListId="8c84fa94-04c1-424b-9868-57a2d4851a1d" relativeResultsDirectory="05a70a3e-80a1-41d4-b30c-c526a965479e" />
    <UnitTestResult executionId="618c5139-0699-4aa2-a53b-000d66d85a8a" testId="de79c80b-7d4e-f4de-58d2-72117ea2bbe4" testName="MCPify.Tests.Unit.WwwAuthenticateScopeTests.AppendScopeIfBearer_BehavesAsExpected(header: &quot;Basic realm=\&quot;x\&quot;&quot;, scopes: &quot;api&quot;, expected: &quot;Basic realm=\&quot;x\&quot;&quot;)" computerName="adb-03" duration="00:00:00.0000123" startTime="2026-08-01T22:30:35.5922930+03:00" endTime="2026-08-01T22:30:35.5923350+03:00" testType="13cdc9d9-ddb5-4fa4-a97d-d965ccfc6d4b" outcome="Passed" testListId="8c84fa94-04c1-424b-9868-57a2d4851a1d" relativeResultsDirectory="618c5139-0699-4aa2-a53b-000d66d85a8a" />
    <UnitTestResult executionId="aaedb956-861e-479e-a1a6-0cfa00d27aea" testId="03bb553a-9731-1727-49ea-02d0f95a8dd1" testName="MCPify.Tests.Unit.MultiHostPassThroughWarningTests.WarnIfNeeded_DoesNotLog_WhenSingleHostOrNoPassThrough" computerName="adb-03" duration="00:00:00.0002199" startTime="2026-08-01T22:30:35.3579220+03:00" endTime="2026-08-01T22:30:35.3579500+03:00" testType="13cdc9d9-ddb5-4fa4-a97d-d965ccfc6d4b" outcome="Passed" testListId="8c84fa94-04c1-424b-9868-57a2d4851a1d" relativeResultsDirectory="aaedb956-861e-479e-a1a6-0cfa00d27aea" />
    <UnitTestResult executionId="01e4b0bd-d2d2-4331-86d6-c9168af4546c" testId="580c1812-1d15-01f9-6f4b-683ea0259dfe" testName="MCPify.Tests.Integration.OAuthMetadataEndpointTests.GetMetadata_UsesResourceOverride_WhenConfigured" computerName="adb-03" duration="00:00:00.1243527" startTime="2026-08-01T22:30:36.1289150+03:00" endTime="2026-08-01T22:30:36.2532970+03:00" testType="13cdc9d9-ddb5-4fa4-a97d-d965ccfc6d4b" outcome="Passed" testListId="8c84fa94-04c1-424b-9868-57a2d4851a1d" relativeResultsDirectory="01e4b0bd-d2d2-4331-86d6-c9168af4546c" />
    <UnitTestResult executionId="f8c3f0bb-4754-4104-bfe7-4b3ee524334b" testId="ca44b9c0-ba25-e625-92cd-5b9b99da54b9" testName="MCPify.Tests.Unit.UpstreamAuthTransportPolicyTests.AddMcpify_MigratesLegacyTokenSourceServer_WithFactory_ToServerManaged" computerName="adb-03" duration="00:00:00.0004277" startTime="2026-08-01T22:30:35.3731150+03:00" endTime="2026-08-01T22:30:35.3733380+03:00" testType="13cdc9d9-ddb5-4fa4-a97d-d965ccfc6d4b" outcome="Passed" testListId="8c84fa94-04c1-424b-9868-57a2d4851a1d" relativeResultsDirectory="f8c3f0bb-4754-4104-bfe7-4b3ee524334b" />
    <UnitTestResult executionId="4f226a92-d26a-46c5-b731-c3d5e34ad31e" testId="87a079c2-9303-9779-1c65-3258162e7762" testName="MCPify.Tests.Unit.JwtAccessTokenValidatorTests.OAuthConfigurationStore_ReturnsCopyOfConfigurations" computerName="adb-03" duration="00:00:00.0006360" startTime="2026-08-01T22:30:35.3233580+03:00" endTime="2026-08-01T22:30:35.3234970+03:00" testType="13cdc9d9-ddb5-4fa4-a97d-d965ccfc6d4b" outcome="Passed" testListId="8c84fa94-04c1-424b-9868-57a2d4851a1d" relativeResultsDirectory="4f226a92-d26a-46c5-b731-c3d5e34ad31e" />
    <UnitTestResult executionId="f0253ee4-f9f3-4370-9baf-e8d02645949a" testId="f6034974-091b-f851-ff0f-19c19f40733b" testName="MCPify.Tests.Integration.OAuthMiddlewareTests.Request_Returns401_WhenNoToken_And_OAuthConfigured" computerName="adb-03" duration="00:00:00.3088633" startTime="2026-08-01T22:30:35.5861330+03:00" endTime="2026-08-01T22:30:35.8949650+03:00" testType="13cdc9d9-ddb5-4fa4-a97d-d965ccfc6d4b" outcome="Passed" testListId="8c84fa94-04c1-424b-9868-57a2d4851a1d" relativeResultsDirectory="f0253ee4-f9f3-4370-9baf-e8d02645949a" />
    <UnitTestResult executionId="f491f67a-f59b-448b-afe9-18a237891515" testId="c4d860e9-5724-bfeb-8db1-51953b576326" testName="MCPify.Tests.Unit.UpstreamAuthTransportPolicyTests.AddMcpify_DoesNotThrow_WhenHttpFallbackStartsWithServerManaged" computerName="adb-03" duration="00:00:00.0059629" startTime="2026-08-01T22:30:35.3580460+03:00" endTime="2026-08-01T22:30:35.3640270+03:00" testType="13cdc9d9-ddb5-4fa4-a97d-d965ccfc6d4b" outcome="Passed" testListId="8c84fa94-04c1-424b-9868-57a2d4851a1d" relativeResultsDirectory="f491f67a-f59b-448b-afe9-18a237891515" />
    <UnitTestResult executionId="d63011d5-bfc7-4a43-9cca-82d4b80bb9f6" testId="ccca2764-c780-29c5-c939-ad71c3150638" testName="MCPify.Tests.Integration.OAuthE2ETests.HandleAuthorizationCallback_SavesDefaultSessionToken_WhenFallbackEnabled" computerName="adb-03" duration="00:00:00.2238287" startTime="2026-08-01T22:30:37.6279740+03:00" endTime="2026-08-01T22:30:37.8530310+03:00" testType="13cdc9d9-ddb5-4fa4-a97d-d965ccfc6d4b" outcome="Passed" testListId="8c84fa94-04c1-424b-9868-57a2d4851a1d" relativeResultsDirectory="d63011d5-bfc7-4a43-9cca-82d4b80bb9f6" />
    <UnitTestResult executionId="f286a059-01cf-49c3-b371-3a8d972c6bad" testId="b922ec90-b45e-b16a-60ad-33ba5e55b01a" testName="MCPify.Tests.Unit.SessionManagementToolTests.Connect_UpdatesDefaultSessionBridge" computerName="adb-03" duration="00:00:00.0007141" startTime="2026-08-01T22:30:35.3807860+03:00" endTime="2026-08-01T22:30:35.3812830+03:00" testType="13cdc9d9-ddb5-4fa4-a97d-d965ccfc6d4b" outcome="Passed" testListId="8c84fa94-04c1-424b-9868-57a2d4851a1d" relativeResultsDirectory="f286a059-01cf-49c3-b371-3a8d972c6bad" />
    <UnitTestResult executionId="c2c71abd-37b0-4635-b3f9-5c00ac609b6d" testId="debde65c-446e-9d56-bbff-77a3ca1e5dc6" testName="MCPify.Tests.Unit.UpstreamAuthTests.Fallback_ThrowsOnNullArray" computerName="adb-03" duration="00:00:00.0001444" startTime="2026-08-01T22:30:35.5913720+03:00" endTime="2026-08-01T22:30:35.5913990+03:00" testType="13cdc9d9-ddb5-4fa4-a97d-d965ccfc6d4b" outcome="Passed" testListId="8c84fa94-04c1-424b-9868-57a2d4851a1d" relativeResultsDirectory="c2c71abd-37b0-4635-b3f9-5c00ac609b6d" />
    <UnitTestResult executionId="f1f73317-0500-44a1-80e4-132a3ea3fc8e" testId="4411cf30-37fc-842a-ff2d-beba2b55b536" testName="MCPify.Tests.DelegateToolTests.Create_SetsNameAndDescription" computerName="adb-03" duration="00:00:00.0001399" startTime="2026-08-01T22:30:35.3863910+03:00" endTime="2026-08-01T22:30:35.3864390+03:00" testType="13cdc9d9-ddb5-4fa4-a97d-d965ccfc6d4b" outcome="Passed" testListId="8c84fa94-04c1-424b-9868-57a2d4851a1d" relativeResultsDirectory="f1f73317-0500-44a1-80e4-132a3ea3fc8e" />
    <UnitTestResult executionId="b3547b5a-8505-4c7f-85a0-58f5cabeb0c4" testId="448e45f8-0103-ce32-127e-dd46ec826875" testName="MCPify.Tests.Unit.UpstreamAuthTransportPolicyTests.AddMcpify_DoesNotThrow_WhenHostRegistersBearerScheme" computerName="adb-03" duration="00:00:00.0018702" startTime="2026-08-01T22:30:35.3692430+03:00" endTime="2026-08-01T22:30:35.3710030+03:00" testType="13cdc9d9-ddb5-4fa4-a97d-d965ccfc6d4b" outcome="Passed" testListId="8c84fa94-04c1-424b-9868-57a2d4851a1d" relativeResultsDirectory="b3547b5a-8505-4c7f-85a0-58f5cabeb0c4" />
    <UnitTestResult executionId="5c0fbd16-718b-4707-9c2e-0a27471abb5b" testId="9458507c-c949-5426-fcc2-e45bfda2c227" testName="MCPify.Tests.Integration.OAuthMetadataEndpointTests.GetMetadata_FallsBackToAuthorizationUrlAuthority_WhenAuthorizationServerMissing" computerName="adb-03" duration="00:00:00.1818999" startTime="2026-08-01T22:30:35.9468260+03:00" endTime="2026-08-01T22:30:36.1287890+03:00" testType="13cdc9d9-ddb5-4fa4-a97d-d965ccfc6d4b" outcome="Passed" testListId="8c84fa94-04c1-424b-9868-57a2d4851a1d" relativeResultsDirectory="5c0fbd16-718b-4707-9c2e-0a27471abb5b" />
    <UnitTestResult executionId="9fcc85bc-3664-4d09-835b-ad31350e1bb4" testId="aafbfbc1-5eff-e985-b355-c36590cbfb1c" testName="MCPify.Tests.OpenApiProviderTests.LoadAsync_BlocksCloudMetadataEndpoint_ByDefault" computerName="adb-03" duration="00:00:00.0005337" startTime="2026-08-01T22:30:35.5794290+03:00" endTime="2026-08-01T22:30:35.5797990+03:00" testType="13cdc9d9-ddb5-4fa4-a97d-d965ccfc6d4b" outcome="Passed" testListId="8c84fa94-04c1-424b-9868-57a2d4851a1d" relativeResultsDirectory="9fcc85bc-3664-4d09-835b-ad31350e1bb4" />
    <UnitTestResult executionId="ab85db15-deee-4457-91fe-6dda088cffa6" testId="57db11dd-34aa-7fca-fb51-c2221004417c" testName="MCPify.Tests.TokenExchangeAuthenticationTests.Constructor_ThrowsOnNullTokenStore" computerName="adb-03" duration="00:00:00.0000505" startTime="2026-08-01T22:30:35.7462210+03:00" endTime="2026-08-01T22:30:35.7462400+03:00" testType="13cdc9d9-ddb5-4fa4-a97d-d965ccfc6d4b" outcome="Passed" testListId="8c84fa94-04c1-424b-9868-57a2d4851a1d" relativeResultsDirectory="ab85db15-deee-4457-91fe-6dda088cffa6" />
    <UnitTestResult executionId="5d0f8e86-9ffb-419a-bf64-17591ac937e1" testId="43d4a831-7cb9-74c4-2b3b-e7aec3232943" testName="MCPify.Tests.Integration.LoginToolTests.LoginTool_ShouldPollAndReturnSuccess_WhenTokenAppears" computerName="adb-03" duration="00:00:01.0404640" startTime="2026-08-01T22:30:35.3847750+03:00" endTime="2026-08-01T22:30:36.4253350+03:00" testType="13cdc9d9-ddb5-4fa4-a97d-d965ccfc6d4b" outcome="Passed" testListId="8c84fa94-04c1-424b-9868-57a2d4851a1d" relativeResultsDirectory="5d0f8e86-9ffb-419a-bf64-17591ac937e1" />
    <UnitTestResult executionId="9a77a985-2299-4093-a340-5be3ff6719a7" testId="d7e225a8-f452-0e59-863a-19fec41ecc42" testName="MCPify.Tests.OpenApiProxyToolTests.AuthenticationFactoryTokenProvider_ReturnsTrue_WhenProviderAppliesAuth" computerName="adb-03" duration="00:00:00.1421022" startTime="2026-08-01T22:30:36.2088860+03:00" endTime="2026-08-01T22:30:36.3521800+03:00" testType="13cdc9d9-ddb5-4fa4-a97d-d965ccfc6d4b" outcome="Passed" testListId="8c84fa94-04c1-424b-9868-57a2d4851a1d" relativeResultsDirectory="9a77a985-2299-4093-a340-5be3ff6719a7" />
    <UnitTestResult executionId="e89801ca-0f22-44e5-8aa5-38d63efb1eca" testId="ba74a46e-50a2-1db8-49a6-0966ca5c043b" testName="MCPify.Tests.Unit.UpstreamAuthTransportPolicyTests.AddMcpify_RegistersStartupWarningHostedService" computerName="adb-03" duration="00:00:00.0005848" startTime="2026-08-01T22:30:35.3674350+03:00" endTime="2026-08-01T22:30:35.3678730+03:00" testType="13cdc9d9-ddb5-4fa4-a97d-d965ccfc6d4b" outcome="Passed" testListId="8c84fa94-04c1-424b-9868-57a2d4851a1d" relativeResultsDirectory="e89801ca-0f22-44e5-8aa5-38d63efb1eca" />
    <UnitTestResult executionId="f55fcd85-45cc-43c9-872b-126eba5a0d9e" testId="d06b2c82-60b6-e085-73dc-992d5ea18157" testName="MCPify.Tests.Unit.UpstreamAuthTests.ServerManaged_Builds_AuthenticationFactoryTokenProvider" computerName="adb-03" duration="00:00:00.0000449" startTime="2026-08-01T22:30:35.5906510+03:00" endTime="2026-08-01T22:30:35.5906750+03:00" testType="13cdc9d9-ddb5-4fa4-a97d-d965ccfc6d4b" outcome="Passed" testListId="8c84fa94-04c1-424b-9868-57a2d4851a1d" relativeResultsDirectory="f55fcd85-45cc-43c9-872b-126eba5a0d9e" />
    <UnitTestResult executionId="7eedf5a7-b30b-47eb-973a-5176a50b1d80" testId="f45dcb18-e8f9-5f70-e74e-805ad3c7476a" testName="MCPify.Tests.Integration.OAuthE2ETests.DeviceCodeFlow_EndToEnd" computerName="adb-03" duration="00:00:01.6301804" startTime="2026-08-01T22:30:35.7868950+03:00" endTime="2026-08-01T22:30:37.4185220+03:00" testType="13cdc9d9-ddb5-4fa4-a97d-d965ccfc6d4b" outcome="Passed" testListId="8c84fa94-04c1-424b-9868-57a2d4851a1d" relativeResultsDirectory="7eedf5a7-b30b-47eb-973a-5176a50b1d80" />
    <UnitTestResult executionId="ba38ffc3-ce82-49d4-a64c-16aebad9ac10" testId="1100a8db-ae32-80c1-b2bc-ad58393c60f7" testName="MCPify.Tests.TokenExchangeAuthenticationTests.ExchangeTokenAsync_SendsSubjectTokenType" computerName="adb-03" duration="00:00:00.0003849" startTime="2026-08-01T22:30:35.7497190+03:00" endTime="2026-08-01T22:30:35.7498850+03:00" testType="13cdc9d9-ddb5-4fa4-a97d-d965ccfc6d4b" outcome="Passed" testListId="8c84fa94-04c1-424b-9868-57a2d4851a1d" relativeResultsDirectory="ba38ffc3-ce82-49d4-a64c-16aebad9ac10" />
    <UnitTestResult executionId="47d7c6b1-c81e-4a6c-af86-19d8aa9fba97" testId="a77f5889-4057-0b9a-3c6c-a31902a5cf98" testName="MCPify.Tests.DelegateToolTests.Create_WithoutSchema_DefaultsEmptyObject" computerName="adb-03" duration="00:00:00.0001692" startTime="2026-08-01T22:30:35.3861430+03:00" endTime="2026-08-01T22:30:35.3862140+03:00" testType="13cdc9d9-ddb5-4fa4-a97d-d965ccfc6d4b" outcome="Passed" testListId="8c84fa94-04c1-424b-9868-57a2d4851a1d" relativeResultsDirectory="47d7c6b1-c81e-4a6c-af86-19d8aa9fba97" />
    <UnitTestResult executionId="7f52a389-cace-4672-9cfe-871cb088dd21" testId="d6d07958-f63a-e4a4-4cf9-0935d2996c64" testName="MCPify.Tests.Unit.ResourceParameterTests.ClientCredentials_OmitsResourceParameter_WhenNotConfigured" computerName="adb-03" duration="00:00:00.0005119" startTime="2026-08-01T22:30:35.1801860+03:00" endTime="2026-08-01T22:30:35.1802970+03:00" testType="13cdc9d9-ddb5-4fa4-a97d-d965ccfc6d4b" outcome="Passed" testListId="8c84fa94-04c1-424b-9868-57a2d4851a1d" relativeResultsDirectory="7f52a389-cace-4672-9cfe-871cb088dd21" />
    <UnitTestResult executionId="e682e818-81da-40b1-950f-a2567b2ddaaa" testId="7ce58dbc-c272-5cd3-567b-fc776f930dd2" testName="MCPify.Tests.Unit.ResourceParameterTests.BuildAuthorizationUrl_OmitsResourceParameter_WhenNotConfigured" computerName="adb-03" duration="00:00:00.0000790" startTime="2026-08-01T22:30:36.1887750+03:00" endTime="2026-08-01T22:30:36.1887930+03:00" testType="13cdc9d9-ddb5-4fa4-a97d-d965ccfc6d4b" outcome="Passed" testListId="8c84fa94-04c1-424b-9868-57a2d4851a1d" relativeResultsDirectory="e682e818-81da-40b1-950f-a2567b2ddaaa" />
    <UnitTestResult executionId="15a2075a-151e-470d-8f7d-4889e1fd324a" testId="4455e347-9106-1349-7592-2efd5946a163" testName="MCPify.Tests.ToolFilterTests.AllowOperationIds_FiltersByPrefix" computerName="adb-03" duration="00:00:00.0001671" startTime="2026-08-01T22:30:35.3119700+03:00" endTime="2026-08-01T22:30:35.3120180+03:00" testType="13cdc9d9-ddb5-4fa4-a97d-d965ccfc6d4b" outcome="Passed" testListId="8c84fa94-04c1-424b-9868-57a2d4851a1d" relativeResultsDirectory="15a2075a-151e-470d-8f7d-4889e1fd324a" />
    <UnitTestResult executionId="ba01d395-0f7a-4682-b66f-fdebe6e287aa" testId="b6e71759-8fe2-f796-7469-fed14c8ec6f8" testName="MCPify.Tests.Unit.UpstreamAuthTests.TokenExchange_ThrowsOnMissingClientId" computerName="adb-03" duration="00:00:00.0004116" startTime="2026-08-01T22:30:35.5901170+03:00" endTime="2026-08-01T22:30:35.5903490+03:00" testType="13cdc9d9-ddb5-4fa4-a97d-d965ccfc6d4b" outcome="Passed" testListId="8c84fa94-04c1-424b-9868-57a2d4851a1d" relativeResultsDirectory="ba01d395-0f7a-4682-b66f-fdebe6e287aa" />
    <UnitTestResult executionId="688783ab-d15d-4897-acf4-37cc468156e6" testId="6a3a86c5-586a-ae8d-0273-0a031d906716" testName="MCPify.Tests.Unit.MultiHostPassThroughWarningTests.WarnIfNeeded_Logs_WhenPassThroughOnMultipleExternalHosts" computerName="adb-03" duration="00:00:00.0016731" startTime="2026-08-01T22:30:35.3557000+03:00" endTime="2026-08-01T22:30:35.3571750+03:00" testType="13cdc9d9-ddb5-4fa4-a97d-d965ccfc6d4b" outcome="Passed" testListId="8c84fa94-04c1-424b-9868-57a2d4851a1d" relativeResultsDirectory="688783ab-d15d-4897-acf4-37cc468156e6" />
    <UnitTestResult executionId="3081473f-74f4-4656-919f-28d401e8e99c" testId="3f020e1b-901e-9355-c02e-25884ea258f9" testName="MCPify.Tests.Unit.ResourceParameterTests.DeviceCode_IncludesResourceParameter_InDeviceCodeRequest" computerName="adb-03" duration="00:00:01.0121368" startTime="2026-08-01T22:30:35.1856880+03:00" endTime="2026-08-01T22:30:36.1882220+03:00" testType="13cdc9d9-ddb5-4fa4-a97d-d965ccfc6d4b" outcome="Passed" testListId="8c84fa94-04c1-424b-9868-57a2d4851a1d" relativeResultsDirectory="3081473f-74f4-4656-919f-28d401e8e99c" />
    <UnitTestResult executionId="ccb7d8be-1293-44b3-b65a-9e8023ecbd23" testId="25f7c26a-f4fd-fd30-5044-c7ad25a364ae" testName="MCPify.Tests.ToolFilterTests.DenyPaths_ExcludesByPrefix" computerName="adb-03" duration="00:00:00.0000614" startTime="2026-08-01T22:30:35.3231130+03:00" endTime="2026-08-01T22:30:35.3231650+03:00" testType="13cdc9d9-ddb5-4fa4-a97d-d965ccfc6d4b" outcome="Passed" testListId="8c84fa94-04c1-424b-9868-57a2d4851a1d" relativeResultsDirectory="ccb7d8be-1293-44b3-b65a-9e8023ecbd23" />
    <UnitTestResult executionId="ceff8c01-dde2-45cf-9fa4-8a7ed8ce21a6" testId="221f4304-2e27-3a26-7e93-345da19a0ab1" testName="MCPify.Tests.ToolFilterTests.ExcludeDeprecated_FiltersDeprecatedOps" computerName="adb-03" duration="00:00:00.0001210" startTime="2026-08-01T22:30:35.3117120+03:00" endTime="2026-08-01T22:30:35.3117790+03:00" testType="13cdc9d9-ddb5-4fa4-a97d-d965ccfc6d4b" outcome="Passed" testListId="8c84fa94-04c1-424b-9868-57a2d4851a1d" relativeResultsDirectory="ceff8c01-dde2-45cf-9fa4-8a7ed8ce21a6" />
    <UnitTestResult executionId="fe56173c-c42c-44c6-9855-7de61385a27a" testId="17b3d321-8b7d-3ad4-044b-4c79c55c16a2" testName="MCPify.Tests.OAuthAuthenticationTests.Constructor_ThrowsWhenStateSecretIsEmpty" computerName="adb-03" duration="00:00:00.9606166" startTime="2026-08-01T22:30:35.5762170+03:00" endTime="2026-08-01T22:30:36.5414990+03:00" testType="13cdc9d9-ddb5-4fa4-a97d-d965ccfc6d4b" outcome="Passed" testListId="8c84fa94-04c1-424b-9868-57a2d4851a1d" relativeResultsDirectory="fe56173c-c42c-44c6-9855-7de61385a27a" />
    <UnitTestResult executionId="387ce92e-9f84-4b00-af01-c0df893d7ff3" testId="a0ccedf6-691b-667c-8793-7448552c4d28" testName="MCPify.Tests.TokenIsolationTests.Tokens_WithSameProviderName_Overwrite" computerName="adb-03" duration="00:00:00.0005783" startTime="2026-08-01T22:30:35.3765400+03:00" endTime="2026-08-01T22:30:35.3770620+03:00" testType="13cdc9d9-ddb5-4fa4-a97d-d965ccfc6d4b" outcome="Passed" testListId="8c84fa94-04c1-424b-9868-57a2d4851a1d" relativeResultsDirectory="387ce92e-9f84-4b00-af01-c0df893d7ff3" />
    <UnitTestResult executionId="361549a9-f76e-4a2c-8ddf-122077e81657" testId="a35da437-df32-40ce-c0ae-5e4b2d7ade3d" testName="MCPify.Tests.Unit.UpstreamAuthTransportPolicyTests.AddMcpify_MigratesLegacyTokenSourceBoth_WithFactory_ToFallback" computerName="adb-03" duration="00:00:00.0010701" startTime="2026-08-01T22:30:35.3711250+03:00" endTime="2026-08-01T22:30:35.3721480+03:00" testType="13cdc9d9-ddb5-4fa4-a97d-d965ccfc6d4b" outcome="Passed" testListId="8c84fa94-04c1-424b-9868-57a2d4851a1d" relativeResultsDirectory="361549a9-f76e-4a2c-8ddf-122077e81657" />
    <UnitTestResult executionId="0941df08-3942-4cdd-bc82-6913a5d2e48c" testId="ba2b27e2-cf9a-e9cd-cde1-9710250e8f5e" testName="MCPify.Tests.Integration.LoginToolTests.LoginTool_UsesDefaultSessionId_WhenNoSessionIsAvailable" computerName="adb-03" duration="00:00:00.2019421" startTime="2026-08-01T22:30:35.3234560+03:00" endTime="2026-08-01T22:30:35.3846770+03:00" testType="13cdc9d9-ddb5-4fa4-a97d-d965ccfc6d4b" outcome="Passed" testListId="8c84fa94-04c1-424b-9868-57a2d4851a1d" relativeResultsDirectory="0941df08-3942-4cdd-bc82-6913a5d2e48c" />
    <UnitTestResult executionId="051d7461-1716-4c9c-8099-c255bc84b523" testId="84f6850b-b965-a051-c043-4da34c8d38fe" testName="MCPify.Tests.Unit.ScopeRequirementTests.Matches_IsCaseInsensitive" computerName="adb-03" duration="00:00:00.0001702" startTime="2026-08-01T22:30:35.5867880+03:00" endTime="2026-08-01T22:30:35.5868370+03:00" testType="13cdc9d9-ddb5-4fa4-a97d-d965ccfc6d4b" outcome="Passed" testListId="8c84fa94-04c1-424b-9868-57a2d4851a1d" relativeResultsDirectory="051d7461-1716-4c9c-8099-c255bc84b523" />
    <UnitTestResult executionId="07da3ede-04aa-4cbd-ab66-605d9fbaa37a" testId="fa065776-1a41-9948-e127-9cb3e5f2515d" testName="MCPify.Tests.TokenExchangeAuthenticationTests.GetOrExchangeTokenAsync_ReExchanges_WhenTokenExpired" computerName="adb-03" duration="00:00:00.0004008" startTime="2026-08-01T22:30:35.7477100+03:00" endTime="2026-08-01T22:30:35.7481290+03:00" testType="13cdc9d9-ddb5-4fa4-a97d-d965ccfc6d4b" outcome="Passed" testListId="8c84fa94-04c1-424b-9868-57a2d4851a1d" relativeResultsDirectory="07da3ede-04aa-4cbd-ab66-605d9fbaa37a" />
    <UnitTestResult executionId="434e3aad-a190-4f5d-b963-0c953f171624" testId="ca0e6b4e-5321-9259-df99-7d84421d6c8e" testName="MCPify.Tests.AuthenticationTests.ApiKeyAuthentication_Header_AppliesCorrectly" computerName="adb-03" duration="00:00:00.0004021" startTime="2026-08-01T22:30:35.5800640+03:00" endTime="2026-08-01T22:30:35.5804140+03:00" testType="13cdc9d9-ddb5-4fa4-a97d-d965ccfc6d4b" outcome="Passed" testListId="8c84fa94-04c1-424b-9868-57a2d4851a1d" relativeResultsDirectory="434e3aad-a190-4f5d-b963-0c953f171624" />
    <UnitTestResult executionId="332cbfde-7ac3-47e5-bc54-2f7a9203a5b0" testId="3842909c-d7a8-e3ca-3889-f89854688f60" testName="MCPify.Tests.Integration.OAuthMiddlewareTests.Request_Challenge_UsesResourceOverride" computerName="adb-03" duration="00:00:00.2566810" startTime="2026-08-01T22:30:35.8954250+03:00" endTime="2026-08-01T22:30:36.1518560+03:00" testType="13cdc9d9-ddb5-4fa4-a97d-d965ccfc6d4b" outcome="Passed" testListId="8c84fa94-04c1-424b-9868-57a2d4851a1d" relativeResultsDirectory="332cbfde-7ac3-47e5-bc54-2f7a9203a5b0" />
    <UnitTestResult executionId="83219032-adec-47c6-ad11-01e56c29bffd" testId="613cc5c9-bc62-0231-8a96-774c251b09dc" testName="MCPify.Tests.Integration.OpenApiOAuthScopeIntegrationTests.MetadataEndpoint_ReturnsScopes_FromOpenApiConfiguration" computerName="adb-03" duration="00:00:00.2000908" startTime="2026-08-01T22:30:35.3866300+03:00" endTime="2026-08-01T22:30:35.5861570+03:00" testType="13cdc9d9-ddb5-4fa4-a97d-d965ccfc6d4b" outcome="Passed" testListId="8c84fa94-04c1-424b-9868-57a2d4851a1d" relativeResultsDirectory="83219032-adec-47c6-ad11-01e56c29bffd" />
    <UnitTestResult executionId="ba41bc42-e47c-4e5b-9b28-89ca1be2dc77" testId="210a927e-22ea-5e99-f7c7-925c101221e9" testName="MCPify.Tests.Unit.UpstreamAuthTests.Fallback_Builds_CompositeTokenProvider" computerName="adb-03" duration="00:00:00.0001727" startTime="2026-08-01T22:30:35.5912960+03:00" endTime="2026-08-01T22:30:35.5913190+03:00" testType="13cdc9d9-ddb5-4fa4-a97d-d965ccfc6d4b" outcome="Passed" testListId="8c84fa94-04c1-424b-9868-57a2d4851a1d" relativeResultsDirectory="ba41bc42-e47c-4e5b-9b28-89ca1be2dc77" />
    <UnitTestResult executionId="dce01273-4f74-476d-b278-492be7912800" testId="17f7a32a-5186-46e3-94b8-542e75b4cdd0" testName="MCPify.Tests.Integration.AuthCallbackTests.MapAuthCallback_HidesDebugInfo_InProduction" computerName="adb-03" duration="00:00:00.1652962" startTime="2026-08-01T22:30:35.5771380+03:00" endTime="2026-08-01T22:30:35.7420570+03:00" testType="13cdc9d9-ddb5-4fa4-a97d-d965ccfc6d4b" outcome="Passed" testListId="8c84fa94-04c1-424b-9868-57a2d4851a1d" relativeResultsDirectory="dce01273-4f74-476d-b278-492be7912800" />
    <UnitTestResult executionId="c498378f-fbd4-4e46-b407-af8f6afb29b4" testId="721537de-0608-af07-05c0-92b3a20e7210" testName="MCPify.Tests.OpenApiOAuthParserTests.Parse_ReturnsNull_WhenNoOAuth2Scheme" computerName="adb-03" duration="00:00:00.0010380" startTime="2026-08-01T22:30:35.1857380+03:00" endTime="2026-08-01T22:30:35.1857590+03:00" testType="13cdc9d9-ddb5-4fa4-a97d-d965ccfc6d4b" outcome="Passed" testListId="8c84fa94-04c1-424b-9868-57a2d4851a1d" relativeResultsDirectory="c498378f-fbd4-4e46-b407-af8f6afb29b4" />
    <UnitTestResult executionId="abf0dab9-4b65-4fdb-89fc-6233062ecd3d" testId="74f304b3-f73e-101d-47ff-e3aff4e73c44" testName="MCPify.Tests.Unit.SessionAwareToolDecoratorTests.InvokeAsync_UsesBridgedDefaultSession_InStdio_WhenSessionMissing" computerName="adb-03" duration="00:00:00.0439669" startTime="2026-08-01T22:30:35.3795850+03:00" endTime="2026-08-01T22:30:35.4232490+03:00" testType="13cdc9d9-ddb5-4fa4-a97d-d965ccfc6d4b" outcome="Passed" testListId="8c84fa94-04c1-424b-9868-57a2d4851a1d" relativeResultsDirectory="abf0dab9-4b65-4fdb-89fc-6233062ecd3d" />
    <UnitTestResult executionId="fa4711f5-6700-42f6-9949-6d852709b53e" testId="009b3b15-0dfc-d9ae-4373-a90e34b69e83" testName="MCPify.Tests.Unit.UpstreamAuthTransportPolicyTests.AddMcpify_MigratesLegacyTokenSourceNone_ToNoneUpstreamAuth" computerName="adb-03" duration="00:00:00.0003853" startTime="2026-08-01T22:30:35.3734220+03:00" endTime="2026-08-01T22:30:35.3737620+03:00" testType="13cdc9d9-ddb5-4fa4-a97d-d965ccfc6d4b" outcome="Passed" testListId="8c84fa94-04c1-424b-9868-57a2d4851a1d" relativeResultsDirectory="fa4711f5-6700-42f6-9949-6d852709b53e" />
    <UnitTestResult executionId="2af91590-8cfb-4a0f-92fc-ee8aecd4109e" testId="e6f433bf-478f-e778-9c0f-15c47284535f" testName="MCPify.Tests.TokenIsolationTests.DefaultProviderName_IsNamespacedByClientId" computerName="adb-03" duration="00:00:00.0001078" startTime="2026-08-01T22:30:35.3764120+03:00" endTime="2026-08-01T22:30:35.3764320+03:00" testType="13cdc9d9-ddb5-4fa4-a97d-d965ccfc6d4b" outcome="Passed" testListId="8c84fa94-04c1-424b-9868-57a2d4851a1d" relativeResultsDirectory="2af91590-8cfb-4a0f-92fc-ee8aecd4109e" />
    <UnitTestResult executionId="f60e0449-60fc-46f6-8aaa-6fedc4f5cc47" testId="925eff13-735c-e2e5-f2b3-3052d23218c8" testName="MCPify.Tests.TokenExchangeAuthenticationTests.Constructor_ThrowsOnNullClientId" computerName="adb-03" duration="00:00:00.0000461" startTime="2026-08-01T22:30:35.7451270+03:00" endTime="2026-08-01T22:30:35.7451670+03:00" testType="13cdc9d9-ddb5-4fa4-a97d-d965ccfc6d4b" outcome="Passed" testListId="8c84fa94-04c1-424b-9868-57a2d4851a1d" relativeResultsDirectory="f60e0449-60fc-46f6-8aaa-6fedc4f5cc47" />
    <UnitTestResult executionId="0138810b-541d-4c80-a9ca-498d78fad86d" testId="846f6115-f4eb-5853-b512-c657dc07e33b" testName="MCPify.Tests.OpenApiProviderTests.LoadAsync_LoadsOpenApi31_AndDowngradesSuccessfully" computerName="adb-03" duration="00:00:00.2574665" startTime="2026-08-01T22:30:35.1786200+03:00" endTime="2026-08-01T22:30:35.4217970+03:00" testType="13cdc9d9-ddb5-4fa4-a97d-d965ccfc6d4b" outcome="Passed" testListId="8c84fa94-04c1-424b-9868-57a2d4851a1d" relativeResultsDirectory="0138810b-541d-4c80-a9ca-498d78fad86d" />
    <UnitTestResult executionId="8c9ea315-6dbc-4a85-9aa1-5eb69edbc712" testId="c580e6fb-730a-2a80-4b0d-bf3a4a542673" testName="MCPify.Tests.Unit.MultiHostPassThroughWarningTests.NormalizeAndValidate_Throws_WhenMultiHostPassThroughWithoutOptIn" computerName="adb-03" duration="00:00:00.0016562" startTime="2026-08-01T22:30:35.3537870+03:00" endTime="2026-08-01T22:30:35.3554420+03:00" testType="13cdc9d9-ddb5-4fa4-a97d-d965ccfc6d4b" outcome="Passed" testListId="8c84fa94-04c1-424b-9868-57a2d4851a1d" relativeResultsDirectory="8c9ea315-6dbc-4a85-9aa1-5eb69edbc712" />
    <UnitTestResult executionId="c59e45df-357a-4c6d-ba0a-fd51d1cc28e1" testId="d06f8ec3-68fe-9002-ea34-1369feacae82" testName="MCPify.Tests.Integration.LoginToolTests.LoginTool_ShouldTimeout_WhenNoTokenAppears" computerName="adb-03" duration="00:00:01.0018594" startTime="2026-08-01T22:30:36.4467860+03:00" endTime="2026-08-01T22:30:37.4485850+03:00" testType="13cdc9d9-ddb5-4fa4-a97d-d965ccfc6d4b" outcome="Passed" testListId="8c84fa94-04c1-424b-9868-57a2d4851a1d" relativeResultsDirectory="c59e45df-357a-4c6d-ba0a-fd51d1cc28e1" />
    <UnitTestResult executionId="c82e36b9-3ea2-41c4-bbf9-214f84a35f1e" testId="a48a1f96-35aa-118b-5167-fe8bb6cc4b60" testName="MCPify.Tests.Integration.OAuthE2ETests.OpenIdConnect_Metadata_And_IdToken_Validation" computerName="adb-03" duration="00:00:00.6066240" startTime="2026-08-01T22:30:35.1856100+03:00" endTime="2026-08-01T22:30:35.7867730+03:00" testType="13cdc9d9-ddb5-4fa4-a97d-d965ccfc6d4b" outcome="Passed" testListId="8c84fa94-04c1-424b-9868-57a2d4851a1d" relativeResultsDirectory="c82e36b9-3ea2-41c4-bbf9-214f84a35f1e" />
    <UnitTestResult executionId="a3f1e538-186c-40ac-827b-d7ca3fdaa363" testId="c0163e90-1248-0b8e-4671-31cdc37503c4" testName="MCPify.Tests.TokenExchangeAuthenticationTests.ExchangeTokenAsync_Throws_OnMissingAccessToken" computerName="adb-03" duration="00:00:00.0003668" startTime="2026-08-01T22:30:35.7483140+03:00" endTime="2026-08-01T22:30:35.7484940+03:00" testType="13cdc9d9-ddb5-4fa4-a97d-d965ccfc6d4b" outcome="Passed" testListId="8c84fa94-04c1-424b-9868-57a2d4851a1d" relativeResultsDirectory="a3f1e538-186c-40ac-827b-d7ca3fdaa363" />
    <UnitTestResult executionId="a3885082-198d-41c3-a8ff-6325a78323bd" testId="cdb88176-150d-5493-9608-07635301a2c8" testName="MCPify.Tests.ToolFilterTests.DenyTags_ExcludesByTag" computerName="adb-03" duration="00:00:00.0004296" startTime="2026-08-01T22:30:35.1867060+03:00" endTime="2026-08-01T22:30:35.1867260+03:00" testType="13cdc9d9-ddb5-4fa4-a97d-d965ccfc6d4b" outcome="Passed" testListId="8c84fa94-04c1-424b-9868-57a2d4851a1d" relativeResultsDirectory="a3885082-198d-41c3-a8ff-6325a78323bd" />
    <UnitTestResult executionId="e5fffcba-3372-4c6d-b40b-7ac1510622ae" testId="094cf01c-6d6f-3710-fc77-1e17b63960fc" testName="MCPify.Tests.ClientCredentialsAuthenticationTests.AppliesTokenFromTokenEndpoint" computerName="adb-03" duration="00:00:00.2451390" startTime="2026-08-01T22:30:35.5456290+03:00" endTime="2026-08-01T22:30:35.7908140+03:00" testType="13cdc9d9-ddb5-4fa4-a97d-d965ccfc6d4b" outcome="Passed" testListId="8c84fa94-04c1-424b-9868-57a2d4851a1d" relativeResultsDirectory="e5fffcba-3372-4c6d-b40b-7ac1510622ae" />
    <UnitTestResult executionId="ac4c62ff-dc3e-495d-a400-b539b867f4cc" testId="a5e1b560-4293-ad5d-f68b-74e28f09790f" testName="MCPify.Tests.Integration.OAuthE2ETests.ApplyAsync_IgnoresContextAccessToken_AndUsesStoredServerToken" computerName="adb-03" duration="00:00:00.1036381" startTime="2026-08-01T22:30:37.4186890+03:00" endTime="2026-08-01T22:30:37.5233020+03:00" testType="13cdc9d9-ddb5-4fa4-a97d-d965ccfc6d4b" outcome="Passed" testListId="8c84fa94-04c1-424b-9868-57a2d4851a1d" relativeResultsDirectory="ac4c62ff-dc3e-495d-a400-b539b867f4cc" />
    <UnitTestResult executionId="b348da6f-f618-43ab-9ccb-ef704fa9517b" testId="6164d32b-10a0-3a12-9561-a2e9fb177f4b" testName="MCPify.Tests.Unit.ResourceParameterTests.ClientCredentials_IncludesResourceParameter_WhenConfigured" computerName="adb-03" duration="00:00:00.0097389" startTime="2026-08-01T22:30:35.1703490+03:00" endTime="2026-08-01T22:30:35.1800820+03:00" testType="13cdc9d9-ddb5-4fa4-a97d-d965ccfc6d4b" outcome="Passed" testListId="8c84fa94-04c1-424b-9868-57a2d4851a1d" relativeResultsDirectory="b348da6f-f618-43ab-9ccb-ef704fa9517b" />
    <UnitTestResult executionId="b0bb1cde-2a2f-4a1e-891e-c547f2395010" testId="30f5630f-d8db-4db8-ebd2-1abb51e36959" testName="MCPify.Tests.ClientCredentialsAuthenticationTests.ApplyAsync_RefreshesToken_WhenExpiringSoon" computerName="adb-03" duration="00:00:00.0061496" startTime="2026-08-01T22:30:35.5399250+03:00" endTime="2026-08-01T22:30:35.5454140+03:00" testType="13cdc9d9-ddb5-4fa4-a97d-d965ccfc6d4b" outcome="Passed" testListId="8c84fa94-04c1-424b-9868-57a2d4851a1d" relativeResultsDirectory="b0bb1cde-2a2f-4a1e-891e-c547f2395010" />
    <UnitTestResult executionId="123f3f35-76d1-412e-9b01-ce8db592ae19" testId="3aedd343-4f46-2b5c-8199-e574a4d54b65" testName="MCPify.Tests.Unit.UpstreamAuthTransportPolicyTests.AddMcpify_MigratesLegacyTokenSourceClient_ToPassThrough" computerName="adb-03" duration="00:00:00.0007484" startTime="2026-08-01T22:30:35.3641510+03:00" endTime="2026-08-01T22:30:35.3649590+03:00" testType="13cdc9d9-ddb5-4fa4-a97d-d965ccfc6d4b" outcome="Passed" testListId="8c84fa94-04c1-424b-9868-57a2d4851a1d" relativeResultsDirectory="123f3f35-76d1-412e-9b01-ce8db592ae19" />
    <UnitTestResult executionId="3ca1847a-3316-4945-a560-caba63b17cd5" testId="2c6757f5-8d1b-058b-ebd4-dcb5a967fcfc" testName="MCPify.Tests.TokenIsolationTests.ClientCredentials_UsesCustomProviderName" computerName="adb-03" duration="00:00:00.0007014" startTime="2026-08-01T22:30:35.3771490+03:00" endTime="2026-08-01T22:30:35.3778750+03:00" testType="13cdc9d9-ddb5-4fa4-a97d-d965ccfc6d4b" outcome="Passed" testListId="8c84fa94-04c1-424b-9868-57a2d4851a1d" relativeResultsDirectory="3ca1847a-3316-4945-a560-caba63b17cd5" />
    <UnitTestResult executionId="3920d11d-ccf7-420a-93fb-172273c71987" testId="4bf5fc04-2962-c177-ed11-24b08f7c3e69" testName="MCPify.Tests.DelegateToolTests.Create_MetadataDefaultsEmpty" computerName="adb-03" duration="00:00:00.0007288" startTime="2026-08-01T22:30:35.3832590+03:00" endTime="2026-08-01T22:30:35.3840780+03:00" testType="13cdc9d9-ddb5-4fa4-a97d-d965ccfc6d4b" outcome="Passed" testListId="8c84fa94-04c1-424b-9868-57a2d4851a1d" relativeResultsDirectory="3920d11d-ccf7-420a-93fb-172273c71987" />
    <UnitTestResult executionId="13467f1b-0b35-489c-9778-04edc586c2f4" testId="5d50e083-e2df-d8d8-977a-6784d9a60d7c" testName="MCPify.Tests.Unit.UpstreamAuthTransportPolicyTests.AddMcpify_DefaultsToServerManaged_WhenHttpAndAuthUnset" computerName="adb-03" duration="00:00:00.0001614" startTime="2026-08-01T22:30:35.3738230+03:00" endTime="2026-08-01T22:30:35.3739850+03:00" testType="13cdc9d9-ddb5-4fa4-a97d-d965ccfc6d4b" outcome="Passed" testListId="8c84fa94-04c1-424b-9868-57a2d4851a1d" relativeResultsDirectory="13467f1b-0b35-489c-9778-04edc586c2f4" />
    <UnitTestResult executionId="0769afed-31f6-4452-a80c-d12629f04d0b" testId="ef02c542-9409-2663-4ef6-c5fc5acd715f" testName="MCPify.Tests.TokenIsolationTests.Tokens_WithDifferentProviderNames_DoNotCollide" computerName="adb-03" duration="00:00:00.0019287" startTime="2026-08-01T22:30:35.3748550+03:00" endTime="2026-08-01T22:30:35.3762120+03:00" testType="13cdc9d9-ddb5-4fa4-a97d-d965ccfc6d4b" outcome="Passed" testListId="8c84fa94-04c1-424b-9868-57a2d4851a1d" relativeResultsDirectory="0769afed-31f6-4452-a80c-d12629f04d0b" />
    <UnitTestResult executionId="631a7ffd-a376-44fd-a445-2411a89300ce" testId="dd672c84-5b3a-1784-5198-5b5227127da2" testName="MCPify.Tests.PolicyTests.AuditLogPolicy_AlwaysAllows" computerName="adb-03" duration="00:00:00.0080724" startTime="2026-08-01T22:30:35.1702470+03:00" endTime="2026-08-01T22:30:35.1787010+03:00" testType="13cdc9d9-ddb5-4fa4-a97d-d965ccfc6d4b" outcome="Passed" testListId="8c84fa94-04c1-424b-9868-57a2d4851a1d" relativeResultsDirectory="631a7ffd-a376-44fd-a445-2411a89300ce" />
    <UnitTestResult executionId="95b3669a-8e06-450f-96f2-bd54f7a6eb07" testId="a8cbc27c-9bbf-5f07-2625-345bdf6c22f0" testName="MCPify.Tests.PolicyTests.ToolAllowlistPolicy_AllowsListedTools" computerName="adb-03" duration="00:00:00.0004122" startTime="2026-08-01T22:30:35.1804320+03:00" endTime="2026-08-01T22:30:35.1804540+03:00" testType="13cdc9d9-ddb5-4fa4-a97d-d965ccfc6d4b" outcome="Passed" testListId="8c84fa94-04c1-424b-9868-57a2d4851a1d" relativeResultsDirectory="95b3669a-8e06-450f-96f2-bd54f7a6eb07" />
    <UnitTestResult executionId="735c9333-c606-4018-a1b2-ab28f5ba4f80" testId="2049421d-1918-acd3-689b-78c74b919b44" testName="MCPify.Tests.OpenApiProxyToolTests.InvokeAsync_ReturnsInputError_WhenRequiredPathParameterMissing" computerName="adb-03" duration="00:00:00.2398907" startTime="2026-08-01T22:30:36.3523920+03:00" endTime="2026-08-01T22:30:36.5937670+03:00" testType="13cdc9d9-ddb5-4fa4-a97d-d965ccfc6d4b" outcome="Passed" testListId="8c84fa94-04c1-424b-9868-57a2d4851a1d" relativeResultsDirectory="735c9333-c606-4018-a1b2-ab28f5ba4f80" />
    <UnitTestResult executionId="c64c3143-67f4-4639-b2e6-de40afd6d189" testId="3e76f76c-2376-c8e5-38e2-9acdbd59daa1" testName="MCPify.Tests.Integration.OAuthChallengeTokenValidationTests.PostWithoutSession_ReturnsUnauthorizedChallenge_WhenAuthenticationRequired" computerName="adb-03" duration="00:00:00.5462918" startTime="2026-08-01T22:30:35.5828870+03:00" endTime="2026-08-01T22:30:36.1291500+03:00" testType="13cdc9d9-ddb5-4fa4-a97d-d965ccfc6d4b" outcome="Passed" testListId="8c84fa94-04c1-424b-9868-57a2d4851a1d" relativeResultsDirectory="c64c3143-67f4-4639-b2e6-de40afd6d189" />
    <UnitTestResult executionId="e318531f-52a3-4ab7-98cc-8829a6f5a7a3" testId="08d131d1-ed55-6088-4872-5ab80dca9b67" testName="MCPify.Tests.TokenExchangeAuthenticationTests.GetOrExchangeTokenAsync_ReExchanges_WhenTokenNearExpiry" computerName="adb-03" duration="00:00:00.0003415" startTime="2026-08-01T22:30:35.7485690+03:00" endTime="2026-08-01T22:30:35.7488440+03:00" testType="13cdc9d9-ddb5-4fa4-a97d-d965ccfc6d4b" outcome="Passed" testListId="8c84fa94-04c1-424b-9868-57a2d4851a1d" relativeResultsDirectory="e318531f-52a3-4ab7-98cc-8829a6f5a7a3" />
    <UnitTestResult executionId="0204278d-3199-4cc2-8401-f46567274cb0" testId="a3dc5f45-779c-acc7-6fd0-794c67c38b8f" testName="MCPify.Tests.OAuthAuthenticationTests.ApplyAsync_UsesExistingValidToken" computerName="adb-03" duration="00:00:00.1257012" startTime="2026-08-01T22:30:37.1376820+03:00" endTime="2026-08-01T22:30:37.2648020+03:00" testType="13cdc9d9-ddb5-4fa4-a97d-d965ccfc6d4b" outcome="Passed" testListId="8c84fa94-04c1-424b-9868-57a2d4851a1d" relativeResultsDirectory="0204278d-3199-4cc2-8401-f46567274cb0" />
[...]
    <TestEntry testId="b3cb8a98-5e76-8320-0665-c65aaf0133ae" executionId="22b49689-67ba-4ad6-8475-2b1152f6c96d" testListId="8c84fa94-04c1-424b-9868-57a2d4851a1d" />
    <TestEntry testId="a255094d-3c87-ee6f-2b21-222de5644ee6" executionId="832146f0-64a0-4640-aff5-bb7288317ecb" testListId="8c84fa94-04c1-424b-9868-57a2d4851a1d" />
    <TestEntry testId="9fbe8e4f-1036-01c3-ee8a-e70062442992" executionId="150de0e3-721b-46f2-b5a7-540e1169aac6" testListId="8c84fa94-04c1-424b-9868-57a2d4851a1d" />
    <TestEntry testId="e8c150a0-d702-74ea-1599-e3818ed9aea4" executionId="ae497cb6-9e2d-469d-af28-8671630dd98a" testListId="8c84fa94-04c1-424b-9868-57a2d4851a1d" />
    <TestEntry testId="e6e83c43-fd64-a2a6-d395-7ebdc1c08367" executionId="43c00de9-708f-4174-9ed3-f16f73c2bbd5" testListId="8c84fa94-04c1-424b-9868-57a2d4851a1d" />
    <TestEntry testId="4eb07c59-269b-f134-dd1f-1197f18f906d" executionId="938d8c0f-38d4-4cc4-8bc7-18b2f8434b2a" testListId="8c84fa94-04c1-424b-9868-57a2d4851a1d" />
    <TestEntry testId="8978cc0c-89a8-053a-64e5-09de5a1b6a10" executionId="e5ae0cac-f741-4646-833d-9335a1fd0279" testListId="8c84fa94-04c1-424b-9868-57a2d4851a1d" />
    <TestEntry testId="1627b7bc-6da3-07b6-b847-261584138d23" executionId="9059b567-5a35-4f55-a4bb-6d81a6c95b8c" testListId="8c84fa94-04c1-424b-9868-57a2d4851a1d" />
    <TestEntry testId="bc4ce97e-a020-9a6b-6017-37e405450867" executionId="36c45e7b-5bd1-471e-ad0b-eae00282459a" testListId="8c84fa94-04c1-424b-9868-57a2d4851a1d" />
    <TestEntry testId="b2ca16f1-4f04-7059-13d5-a108b64d517b" executionId="0f593e2b-462a-4502-be02-d8be1110766a" testListId="8c84fa94-04c1-424b-9868-57a2d4851a1d" />
    <TestEntry testId="e0cee41d-d49b-258e-cd5c-8996524c286b" executionId="f4267527-86fe-4fa0-a2ad-a1c0bcf7db82" testListId="8c84fa94-04c1-424b-9868-57a2d4851a1d" />
    <TestEntry testId="0c4978ab-7425-1c38-724a-210cd6921876" executionId="13c7fef2-e663-4385-97e9-cd3fd65ac5c3" testListId="8c84fa94-04c1-424b-9868-57a2d4851a1d" />
    <TestEntry testId="10b469f4-4c26-5e94-dbf5-f608f83da706" executionId="f8d2be39-7207-47ef-8a68-0fd1982f73ba" testListId="8c84fa94-04c1-424b-9868-57a2d4851a1d" />
  </TestEntries>
  <TestLists>
    <TestList name="Results Not in a List" id="8c84fa94-04c1-424b-9868-57a2d4851a1d" />
    <TestList name="All Loaded Results" id="19431567-8539-422a-85d7-44ee4e166bda" />
  </TestLists>
  <ResultSummary outcome="Completed">
    <Counters total="166" executed="166" passed="166" failed="0" error="0" timeout="0" aborted="0" inconclusive="0" passedButRunAborted="0" notRunnable="0" notExecuted="0" disconnected="0" warning="0" completed="0" inProgress="0" pending="0" />
    <Output>
      <StdOut>[xUnit.net 00:00:00.00] xUnit.net VSTest Adapter v3.1.4+50e68bbb8b (64-bit .NET 10.0.10)
[xUnit.net 00:00:00.04]   Discovering: MCPify.Tests
[xUnit.net 00:00:00.07]   Discovered:  MCPify.Tests
[xUnit.net 00:00:00.08]   Starting:    MCPify.Tests
[MCPify] Warning: OAuthAuthorizationCodeAuthentication was constructed without an HttpClient from IHttpClientFactory. Using a transient instance — this may cause socket exhaustion under load. Pass an HttpClient from IHttpClientFactory.CreateClient() for production use.
[MCPify] Warning: OAuthAuthorizationCodeAuthentication was constructed without an HttpClient from IHttpClientFactory. Using a transient instance — this may cause socket exhaustion under load. Pass an HttpClient from IHttpClientFactory.CreateClient() for production use.
[MCPify] Warning: OAuthAuthorizationCodeAuthentication was constructed without an HttpClient from IHttpClientFactory. Using a transient instance — this may cause socket exhaustion under load. Pass an HttpClient from IHttpClientFactory.CreateClient() for production use.
[MCPify] Warning: OAuthAuthorizationCodeAuthentication was constructed without an HttpClient from IHttpClientFactory. Using a transient instance — this may cause socket exhaustion under load. Pass an HttpClient from IHttpClientFactory.CreateClient() for production use.
[MCPify] Warning: OAuthAuthorizationCodeAuthentication was constructed without an HttpClient from IHttpClientFactory. Using a transient instance — this may cause socket exhaustion under load. Pass an HttpClient from IHttpClientFactory.CreateClient() for production use.
[MCPify] Warning: OAuthAuthorizationCodeAuthentication was constructed without an HttpClient from IHttpClientFactory. Using a transient instance — this may cause socket exhaustion under load. Pass an HttpClient from IHttpClientFactory.CreateClient() for production use.
[MCPify] Warning: OAuthAuthorizationCodeAuthentication was constructed without an HttpClient from IHttpClientFactory. Using a transient instance — this may cause socket exhaustion under load. Pass an HttpClient from IHttpClientFactory.CreateClient() for production use.
[MCPify] Warning: ClientCredentialsAuthentication was constructed without an HttpClient from IHttpClientFactory. Using a transient instance — this may cause socket exhaustion under load. Pass an HttpClient from IHttpClientFactory.CreateClient() for production use.
[MCPify] Warning: OAuthAuthorizationCodeAuthentication was constructed without an HttpClient from IHttpClientFactory. Using a transient instance — this may cause socket exhaustion under load. Pass an HttpClient from IHttpClientFactory.CreateClient() for production use.
[MCPify] Warning: OAuthAuthorizationCodeAuthentication was constructed without an HttpClient from IHttpClientFactory. Using a transient instance — this may cause socket exhaustion under load. Pass an HttpClient from IHttpClientFactory.CreateClient() for production use.
[MCPify] Warning: OpenApiV3Provider was constructed without an HttpClient from IHttpClientFactory. Using a transient instance — this may cause socket exhaustion under load. Pass an HttpClient from IHttpClientFactory.CreateClient() for production use.
[MCPify] Warning: OAuthAuthorizationCodeAuthentication was constructed without an HttpClient from IHttpClientFactory. Using a transient instance — this may cause socket exhaustion under load. Pass an HttpClient from IHttpClientFactory.CreateClient() for production use.
info: Microsoft.Hosting.Lifetime[14]
      Now listening on: http://localhost:61312
info: Microsoft.Hosting.Lifetime[14]
      Now listening on: http://localhost:61313
info: Microsoft.Hosting.Lifetime[0]
      Application started. Press Ctrl+C to shut down.
info: Microsoft.Hosting.Lifetime[0]
      Application started. Press Ctrl+C to shut down.
[MCPify] Warning: OAuthAuthorizationCodeAuthentication was constructed without an HttpClient from IHttpClientFactory. Using a transient instance — this may cause socket exhaustion under load. Pass an HttpClient from IHttpClientFactory.CreateClient() for production use.
info: Microsoft.Hosting.Lifetime[0]
      Hosting environment: Production
info: Microsoft.Hosting.Lifetime[0]
      Content root path: /Users/abdullah/C/repos/MCPify/Tests/MCPify.Tests/bin/Release/net10.0
info: Microsoft.Hosting.Lifetime[0]
      Hosting environment: Production
info: Microsoft.Hosting.Lifetime[0]
      Content root path: /Users/abdullah/C/repos/MCPify/Tests/MCPify.Tests/bin/Release/net10.0
info: Microsoft.Hosting.Lifetime[0]
      Application is shutting down...
[MCPify] Warning: OpenApiV3Provider was constructed without an HttpClient from IHttpClientFactory. Using a transient instance — this may cause socket exhaustion under load. Pass an HttpClient from IHttpClientFactory.CreateClient() for production use.
info: ModelContextProtocol.AspNetCore.Authentication.McpAuthenticationHandler[12]
      AuthenticationScheme: McpAuth was challenged.
[MCPify] Warning: OAuthAuthorizationCodeAuthentication was constructed without an HttpClient from IHttpClientFactory. Using a transient instance — this may cause socket exhaustion under load. Pass an HttpClient from IHttpClientFactory.CreateClient() for production use.
info: Microsoft.Hosting.Lifetime[14]
      Now listening on: http://localhost:61314
info: Microsoft.Hosting.Lifetime[0]
      Application started. Press Ctrl+C to shut down.
info: Microsoft.Hosting.Lifetime[0]
      Hosting environment: Production
info: Microsoft.Hosting.Lifetime[0]
      Content root path: /Users/abdullah/C/repos/MCPify/Tests/MCPify.Tests/bin/Release/net10.0
info: Microsoft.Hosting.Lifetime[0]
      Application is shutting down...
info: Microsoft.Hosting.Lifetime[14]
      Now listening on: http://localhost:61315
info: Microsoft.Hosting.Lifetime[0]
      Application started. Press Ctrl+C to shut down.
info: Microsoft.Hosting.Lifetime[0]
      Hosting environment: Production
info: Microsoft.Hosting.Lifetime[0]
      Content root path: /Users/abdullah/C/repos/MCPify/Tests/MCPify.Tests/bin/Release/net10.0
info: Microsoft.Hosting.Lifetime[0]
      Application is shutting down...
info: Microsoft.Hosting.Lifetime[14]
      Now listening on: http://localhost:61321
info: Microsoft.Hosting.Lifetime[0]
      Application started. Press Ctrl+C to shut down.
info: Microsoft.Hosting.Lifetime[0]
      Hosting environment: Production
info: Microsoft.Hosting.Lifetime[0]
      Content root path: /Users/abdullah/C/repos/MCPify/Tests/MCPify.Tests/bin/Release/net10.0
info: Microsoft.Hosting.Lifetime[0]
      Application is shutting down...
info: ModelContextProtocol.AspNetCore.Authentication.McpAuthenticationHandler[12]
      AuthenticationScheme: McpAuth was challenged.
info: ModelContextProtocol.AspNetCore.Authentication.McpAuthenticationHandler[12]
      AuthenticationScheme: McpAuth was challenged.
info: ModelContextProtocol.AspNetCore.Authentication.McpAuthenticationHandler[12]
      AuthenticationScheme: McpAuth was challenged.
info: ModelContextProtocol.AspNetCore.Authentication.McpAuthenticationHandler[12]
      AuthenticationScheme: McpAuth was challenged.
[MCPify] Warning: OAuthAuthorizationCodeAuthentication was constructed without an HttpClient from IHttpClientFactory. Using a transient instance — this may cause socket exhaustion under load. Pass an HttpClient from IHttpClientFactory.CreateClient() for production use.
[MCPify] Warning: OAuthAuthorizationCodeAuthentication was constructed without an HttpClient from IHttpClientFactory. Using a transient instance — this may cause socket exhaustion under load. Pass an HttpClient from IHttpClientFactory.CreateClient() for production use.
info: Microsoft.Hosting.Lifetime[14]
      Now listening on: http://localhost:61327
info: Microsoft.Hosting.Lifetime[0]
      Application started. Press Ctrl+C to shut down.
info: Microsoft.Hosting.Lifetime[0]
      Hosting environment: Production
info: Microsoft.Hosting.Lifetime[0]
      Content root path: /Users/abdullah/C/repos/MCPify/Tests/MCPify.Tests/bin/Release/net10.0
info: Microsoft.Hosting.Lifetime[0]
      Application is shutting down...
info: Microsoft.Hosting.Lifetime[14]
      Now listening on: http://localhost:61333
info: Microsoft.Hosting.Lifetime[0]
      Application started. Press Ctrl+C to shut down.
info: Microsoft.Hosting.Lifetime[0]
      Hosting environment: Production
info: Microsoft.Hosting.Lifetime[0]
      Content root path: /Users/abdullah/C/repos/MCPify/Tests/MCPify.Tests/bin/Release/net10.0
info: Microsoft.Hosting.Lifetime[0]
      Application is shutting down...
info: ModelContextProtocol.Server.McpServer[570385771]
      Server (testhost 15.0.0.0) method 'ping' request handler called.
info: ModelContextProtocol.Server.McpServer[1867955179]
      Server (testhost 15.0.0.0) method 'ping' request handler completed in 5.2787ms.
info: Microsoft.Hosting.Lifetime[14]
      Now listening on: http://localhost:61324
info: Microsoft.Hosting.Lifetime[0]
      Application started. Press Ctrl+C to shut down.
info: Microsoft.Hosting.Lifetime[0]
      Hosting environment: Production
info: Microsoft.Hosting.Lifetime[0]
      Content root path: /Users/abdullah/C/repos/MCPify/Tests/MCPify.Tests/bin/Release/net10.0
[MCPify] Warning: OAuthAuthorizationCodeAuthentication was constructed without an HttpClient from IHttpClientFactory. Using a transient instance — this may cause socket exhaustion under load. Pass an HttpClient from IHttpClientFactory.CreateClient() for production use.
[MCPify] Warning: OAuthAuthorizationCodeAuthentication was constructed without an HttpClient from IHttpClientFactory. Using a transient instance — this may cause socket exhaustion under load. Pass an HttpClient from IHttpClientFactory.CreateClient() for production use.
info: Microsoft.Hosting.Lifetime[14]
      Now listening on: http://localhost:61320
info: Microsoft.Hosting.Lifetime[0]
      Application started. Press Ctrl+C to shut down.
info: Microsoft.Hosting.Lifetime[0]
      Hosting environment: Production
info: Microsoft.Hosting.Lifetime[0]
      Content root path: /Users/abdullah/C/repos/MCPify/Tests/MCPify.Tests/bin/Release/net10.0
[MCPify] Warning: OAuthAuthorizationCodeAuthentication was constructed without an HttpClient from IHttpClientFactory. Using a transient instance — this may cause socket exhaustion under load. Pass an HttpClient from IHttpClientFactory.CreateClient() for production use.
info: Microsoft.Hosting.Lifetime[0]
      Application is shutting down...
info: ModelContextProtocol.AspNetCore.Authentication.McpAuthenticationHandler[12]
      AuthenticationScheme: McpAuth was challenged.
info: Microsoft.Hosting.Lifetime[14]
      Now listening on: http://localhost:61334
info: Microsoft.Hosting.Lifetime[0]
      Application started. Press Ctrl+C to shut down.
info: Microsoft.Hosting.Lifetime[0]
      Hosting environment: Production
info: Microsoft.Hosting.Lifetime[0]
      Content root path: /Users/abdullah/C/repos/MCPify/Tests/MCPify.Tests/bin/Release/net10.0
info: Microsoft.Hosting.Lifetime[0]
      Application is shutting down...
info: Microsoft.Hosting.Lifetime[0]
      Application is shutting down...
info: Microsoft.Hosting.Lifetime[14]
      Now listening on: http://localhost:61337
info: Microsoft.Hosting.Lifetime[0]
      Application started. Press Ctrl+C to shut down.
info: Microsoft.Hosting.Lifetime[0]
      Hosting environment: Production
info: Microsoft.Hosting.Lifetime[0]
      Content root path: /Users/abdullah/C/repos/MCPify/Tests/MCPify.Tests/bin/Release/net10.0
info: Microsoft.Hosting.Lifetime[0]
      Application is shutting down...
info: Microsoft.Hosting.Lifetime[14]
      Now listening on: http://localhost:61336
info: Microsoft.Hosting.Lifetime[0]
      Application started. Press Ctrl+C to shut down.
info: Microsoft.Hosting.Lifetime[0]
      Hosting environment: Production
info: Microsoft.Hosting.Lifetime[0]
      Content root path: /Users/abdullah/C/repos/MCPify/Tests/MCPify.Tests/bin/Release/net10.0
[MCPify] Warning: OAuthAuthorizationCodeAuthentication was constructed without an HttpClient from IHttpClientFactory. Using a transient instance — this may cause socket exhaustion under load. Pass an HttpClient from IHttpClientFactory.CreateClient() for production use.
info: Microsoft.Hosting.Lifetime[0]
      Application is shutting down...
info: Microsoft.Hosting.Lifetime[14]
      Now listening on: http://localhost:61339
info: Microsoft.Hosting.Lifetime[0]
      Application started. Press Ctrl+C to shut down.
info: Microsoft.Hosting.Lifetime[0]
      Hosting environment: Production
info: Microsoft.Hosting.Lifetime[0]
      Content root path: /Users/abdullah/C/repos/MCPify/Tests/MCPify.Tests/bin/Release/net10.0
info: Microsoft.Hosting.Lifetime[0]
      Application is shutting down...
info: Microsoft.Hosting.Lifetime[14]
      Now listening on: http://localhost:61340
info: Microsoft.Hosting.Lifetime[0]
      Application started. Press Ctrl+C to shut down.
info: Microsoft.Hosting.Lifetime[0]
      Hosting environment: Production
info: Microsoft.Hosting.Lifetime[0]
      Content root path: /Users/abdullah/C/repos/MCPify/Tests/MCPify.Tests/bin/Release/net10.0
[MCPify] Warning: OAuthAuthorizationCodeAuthentication was constructed without an HttpClient from IHttpClientFactory. Using a transient instance — this may cause socket exhaustion under load. Pass an HttpClient from IHttpClientFactory.CreateClient() for production use.
info: Microsoft.Hosting.Lifetime[0]
      Application is shutting down...
info: Microsoft.Hosting.Lifetime[14]
      Now listening on: http://localhost:61342
info: Microsoft.Hosting.Lifetime[0]
      Application started. Press Ctrl+C to shut down.
info: Microsoft.Hosting.Lifetime[0]
      Hosting environment: Production
info: Microsoft.Hosting.Lifetime[0]
      Content root path: /Users/abdullah/C/repos/MCPify/Tests/MCPify.Tests/bin/Release/net10.0
info: Microsoft.Hosting.Lifetime[0]
      Application is shutting down...
info: Microsoft.Hosting.Lifetime[14]
      Now listening on: http://localhost:61343
info: Microsoft.Hosting.Lifetime[0]
      Application started. Press Ctrl+C to shut down.
info: Microsoft.Hosting.Lifetime[0]
      Hosting environment: Production
info: Microsoft.Hosting.Lifetime[0]
      Content root path: /Users/abdullah/C/repos/MCPify/Tests/MCPify.Tests/bin/Release/net10.0
info: Microsoft.Hosting.Lifetime[0]
      Application is shutting down...
info: Microsoft.Hosting.Lifetime[14]
      Now listening on: http://localhost:61349
info: Microsoft.Hosting.Lifetime[0]
      Application started. Press Ctrl+C to shut down.
info: Microsoft.Hosting.Lifetime[0]
      Hosting environment: Production
info: Microsoft.Hosting.Lifetime[0]
      Content root path: /Users/abdullah/C/repos/MCPify/Tests/MCPify.Tests/bin/Release/net10.0
info: Microsoft.Hosting.Lifetime[0]
      Application is shutting down...
info: Microsoft.Hosting.Lifetime[14]
      Now listening on: http://localhost:61350
info: Microsoft.Hosting.Lifetime[0]
      Application started. Press Ctrl+C to shut down.
info: Microsoft.Hosting.Lifetime[0]
      Hosting environment: Production
info: Microsoft.Hosting.Lifetime[0]
      Content root path: /Users/abdullah/C/repos/MCPify/Tests/MCPify.Tests/bin/Release/net10.0
info: Microsoft.Hosting.Lifetime[0]
      Application is shutting down...
info: Microsoft.Hosting.Lifetime[14]
      Now listening on: http://localhost:61351
info: Microsoft.Hosting.Lifetime[0]
      Application started. Press Ctrl+C to shut down.
info: Microsoft.Hosting.Lifetime[0]
      Hosting environment: Production
info: Microsoft.Hosting.Lifetime[0]
      Content root path: /Users/abdullah/C/repos/MCPify/Tests/MCPify.Tests/bin/Release/net10.0
info: Microsoft.Hosting.Lifetime[0]
      Application is shutting down...
info: Microsoft.Hosting.Lifetime[0]
      Application is shutting down...
info: Microsoft.Hosting.Lifetime[14]
      Now listening on: http://localhost:61352
info: Microsoft.Hosting.Lifetime[0]
      Application started. Press Ctrl+C to shut down.
info: Microsoft.Hosting.Lifetime[0]
      Hosting environment: Production
info: Microsoft.Hosting.Lifetime[0]
      Content root path: /Users/abdullah/C/repos/MCPify/Tests/MCPify.Tests/bin/Release/net10.0
info: Microsoft.Hosting.Lifetime[0]
      Application is shutting down...
info: Microsoft.Hosting.Lifetime[14]
      Now listening on: http://localhost:61353
info: Microsoft.Hosting.Lifetime[0]
      Application started. Press Ctrl+C to shut down.
info: Microsoft.Hosting.Lifetime[0]
      Hosting environment: Production
info: Microsoft.Hosting.Lifetime[0]
      Content root path: /Users/abdullah/C/repos/MCPify/Tests/MCPify.Tests/bin/Release/net10.0
info: Microsoft.Hosting.Lifetime[0]
      Application is shutting down...
info: Microsoft.Hosting.Lifetime[14]
      Now listening on: http://localhost:61356
info: Microsoft.Hosting.Lifetime[0]
      Application started. Press Ctrl+C to shut down.
info: Microsoft.Hosting.Lifetime[0]
      Hosting environment: Production
info: Microsoft.Hosting.Lifetime[0]
      Content root path: /Users/abdullah/C/repos/MCPify/Tests/MCPify.Tests/bin/Release/net10.0
info: Microsoft.Hosting.Lifetime[0]
      Application is shutting down...
[xUnit.net 00:00:02.79]   Finished:    MCPify.Tests
</StdOut>
    </Output>
  </ResultSummary>
</TestRun>